<html>
<head>
<title>TestNG:  Test</title>
<link href="../testng.css" rel="stylesheet" type="text/css" />
<link href="../my-testng.css" rel="stylesheet" type="text/css" />

<style type="text/css">
.log { display: none;} 
.stack-trace { display: none;} 
</style>
<script type="text/javascript">
<!--
function flip(e) {
  current = e.style.display;
  if (current == 'block') {
    e.style.display = 'none';
    return 0;
  }
  else {
    e.style.display = 'block';
    return 1;
  }
}

function toggleBox(szDivId, elem, msg1, msg2)
{
  var res = -1;  if (document.getElementById) {
    res = flip(document.getElementById(szDivId));
  }
  else if (document.all) {
    // this is the way old msie versions work
    res = flip(document.all[szDivId]);
  }
  if(elem) {
    if(res == 0) elem.innerHTML = msg1; else elem.innerHTML = msg2;
  }

}

function toggleAllBoxes() {
  if (document.getElementsByTagName) {
    d = document.getElementsByTagName('div');
    for (i = 0; i < d.length; i++) {
      if (d[i].className == 'log') {
        flip(d[i]);
      }
    }
  }
}

// -->
</script>

</head>
<body>
<h2 align='center'>Test</h2><table border='1' align="center">
<tr>
<td>Tests passed/Failed/Skipped:</td><td>101/2/0</td>
</tr><tr>
<td>Started on:</td><td>Thu Oct 07 17:37:19 EDT 2021</td>
</tr>
<tr><td>Total time:</td><td>2900 seconds (2900196 ms)</td>
</tr><tr>
<td>Included groups:</td><td></td>
</tr><tr>
<td>Excluded groups:</td><td></td>
</tr>
</table><p/>
<small><i>(Hover the method name to see the test class name)</i></small><p/>
<table width='100%' border='1' class='invocation-failed'>
<tr><td colspan='4' align='center'><b>FAILED TESTS</b></td></tr>
<tr><td><b>Test method</b></td>
<td width="30%"><b>Exception</b></td>
<td width="10%"><b>Time (seconds)</b></td>
<td><b>Instance</b></td>
</tr>
<tr>
<td title='com.ert.wearables.test.tests.mobilityexchange.admin.TestStudy.testStudyObjectEditButtonWithLockedPhaseViaIdLink()'><b>testStudyObjectEditButtonWithLockedPhaseViaIdLink</b><br>Test class: com.ert.wearables.test.tests.mobilityexchange.admin.TestStudy<br>Test method: Test testStudyObjectEditButtonWithLockedPhaseViaIdLink<br/>
<a href="#Output-906171604" onClick='toggleBox("Output-906171604", this, "Show output", "Hide output");'>Show output</a>

<a href="#Output-906171604" onClick="toggleAllBoxes();">Show all outputs</a>
<div class='log' id="Output-906171604">
<a href='C:\Users\yavuz.ozturk\eclipse-workspace\com.ert.wearables.test\target\surefire-reports\failure_screenshots\testStudyObjectEditButtonWithLockedPhaseViaIdLink_07_10_2021_05_45_50.png'> <img src='C:\Users\yavuz.ozturk\eclipse-workspace\com.ert.wearables.test\target\surefire-reports\failure_screenshots\testStudyObjectEditButtonWithLockedPhaseViaIdLink_07_10_2021_05_45_50.png' height='100' width='100'/> </a><br/>
</div>
</td>
<td><div><pre>org.openqa.selenium.TimeoutException: Expected condition failed: waiting for presence of element located by: By.cssSelector: div:nth-child(2) &gt; div:nth-child(2) (tried for 20 second(s) with 500 milliseconds interval)
	at org.openqa.selenium.support.ui.WebDriverWait.timeoutException(WebDriverWait.java:95)
	at org.openqa.selenium.support.ui.FluentWait.until(FluentWait.java:272)
	at com.ert.wearables.test.core.utilities.ElementUtils.waitForElementPresent(ElementUtils.java:58)
	at com.ert.wearables.test.core.pages.mobilityexchange.admin.Study.getEditedObjectName(Study.java:645)
	at com.ert.wearables.test.tests.mobilityexchange.admin.TestStudy.testStudyObjectEditButtonWithLockedPhaseViaIdLink(TestStudy.java:657)
	at java.util.ArrayList.forEach(ArrayList.java:1257)
Caused by: org.openqa.selenium.NoSuchElementException: no such element: Unable to locate element: {&quot;method&quot;:&quot;css selector&quot;,&quot;selector&quot;:&quot;div:nth-child(2) &gt; div:nth-child(2)&quot;}
  (Session info: chrome=94.0.4606.71)
For documentation on this error, please visit: https://www.seleniumhq.org/exceptions/no_such_element.html
Build info: version: &apos;3.141.59&apos;, revision: &apos;e82be7d358&apos;, time: &apos;2018-11-14T08:17:03&apos;
System info: host: &apos;USLT20160&apos;, ip: &apos;192.168.125.1&apos;, os.name: &apos;Windows 10&apos;, os.arch: &apos;amd64&apos;, os.version: &apos;10.0&apos;, java.version: &apos;1.8.0_202&apos;
Driver info: org.openqa.selenium.chrome.ChromeDriver
Capabilities {acceptInsecureCerts: false, browserName: chrome, browserVersion: 94.0.4606.71, chrome: {chromedriverVersion: 94.0.4606.61 (418b78f5838ed..., userDataDir: C:\Users\YAVUZ~1.OZT\AppDat...}, goog:chromeOptions: {debuggerAddress: localhost:59268}, javascriptEnabled: true, networkConnectionEnabled: false, pageLoadStrategy: normal, platform: WINDOWS, platformName: WINDOWS, proxy: Proxy(), setWindowRect: true, strictFileInteractability: false, timeouts: {implicit: 0, pageLoad: 300000, script: 30000}, unhandledPromptBehavior: dismiss and notify, webauthn:extension:credBlob: true, webauthn:extension:largeBlob: true, webauthn:virtualAuthenticators: true}
Session ID: e2f33cdf630f247b1234a202f483dbac
*** Element info: {Using=css selector, value=div:nth-child(2) &gt; div:nth-child(2)}
	at org.openqa.selenium.remote.http.W3CHttpResponseCodec.createException(W3CHttpResponseCodec.java:187)
	at org.openqa.selenium.remote.http.W3CHttpResponseCodec.decode(W3CHttpResponseCodec.java:122)
	at org.openqa.selenium.remote.http.W3CHttpResponseCodec.decode(W3CHttpResponseCodec.java:49)
	at org.openqa.selenium.remote.HttpCommandExecutor.execute(HttpCommandExecutor.java:158)
	at org.openqa.selenium.remote.service.DriverCommandExecutor.execute(DriverCommandExecutor.java:83)
	at org.openqa.selenium.remote.RemoteWebDriver.execute(RemoteWebDriver.java:552)
	at org.openqa.selenium.remote.RemoteWebDriver.findElement(RemoteWebDriver.java:323)
	at org.openqa.selenium.remote.RemoteWebDriver.findElementByCssSelector(RemoteWebDriver.java:420)
	at org.openqa.selenium.By$ByCssSelector.findElement(By.java:431)
	at org.openqa.selenium.remote.RemoteWebDriver.findElement(RemoteWebDriver.java:315)
	at org.openqa.selenium.support.ui.ExpectedConditions$6.apply(ExpectedConditions.java:182)
	at org.openqa.selenium.support.ui.ExpectedConditions$6.apply(ExpectedConditions.java:179)
	at org.openqa.selenium.support.ui.FluentWait.until(FluentWait.java:249)
	... 31 more
... Removed 30 stack frames</pre></div><a href='#' onClick='toggleBox("stack-trace906171604", this, "Click to show all stack frames", "Click to hide stack frames")'>Click to show all stack frames</a>
<div class='stack-trace' id='stack-trace906171604'><pre>org.openqa.selenium.TimeoutException: Expected condition failed: waiting for presence of element located by: By.cssSelector: div:nth-child(2) &gt; div:nth-child(2) (tried for 20 second(s) with 500 milliseconds interval)
	at org.openqa.selenium.support.ui.WebDriverWait.timeoutException(WebDriverWait.java:95)
	at org.openqa.selenium.support.ui.FluentWait.until(FluentWait.java:272)
	at com.ert.wearables.test.core.utilities.ElementUtils.waitForElementPresent(ElementUtils.java:58)
	at com.ert.wearables.test.core.pages.mobilityexchange.admin.Study.getEditedObjectName(Study.java:645)
	at com.ert.wearables.test.tests.mobilityexchange.admin.TestStudy.testStudyObjectEditButtonWithLockedPhaseViaIdLink(TestStudy.java:657)
	at sun.reflect.NativeMethodAccessorImpl.invoke0(Native Method)
	at sun.reflect.NativeMethodAccessorImpl.invoke(NativeMethodAccessorImpl.java:62)
	at sun.reflect.DelegatingMethodAccessorImpl.invoke(DelegatingMethodAccessorImpl.java:43)
	at java.lang.reflect.Method.invoke(Method.java:498)
	at org.testng.internal.MethodInvocationHelper.invokeMethod(MethodInvocationHelper.java:133)
	at org.testng.internal.TestInvoker.invokeMethod(TestInvoker.java:598)
	at org.testng.internal.TestInvoker.invokeTestMethod(TestInvoker.java:173)
	at org.testng.internal.MethodRunner.runInSequence(MethodRunner.java:46)
	at org.testng.internal.TestInvoker$MethodInvocationAgent.invoke(TestInvoker.java:824)
	at org.testng.internal.TestInvoker.invokeTestMethods(TestInvoker.java:146)
	at org.testng.internal.TestMethodWorker.invokeTestMethods(TestMethodWorker.java:146)
	at org.testng.internal.TestMethodWorker.run(TestMethodWorker.java:128)
	at java.util.ArrayList.forEach(ArrayList.java:1257)
	at org.testng.TestRunner.privateRun(TestRunner.java:794)
	at org.testng.TestRunner.run(TestRunner.java:596)
	at org.testng.SuiteRunner.runTest(SuiteRunner.java:377)
	at org.testng.SuiteRunner.runSequentially(SuiteRunner.java:371)
	at org.testng.SuiteRunner.privateRun(SuiteRunner.java:332)
	at org.testng.SuiteRunner.run(SuiteRunner.java:276)
	at org.testng.SuiteRunnerWorker.runSuite(SuiteRunnerWorker.java:53)
	at org.testng.SuiteRunnerWorker.run(SuiteRunnerWorker.java:96)
	at org.testng.TestNG.runSuitesSequentially(TestNG.java:1212)
	at org.testng.TestNG.runSuitesLocally(TestNG.java:1134)
	at org.testng.TestNG.runSuites(TestNG.java:1063)
	at org.testng.TestNG.run(TestNG.java:1031)
	at org.testng.remote.AbstractRemoteTestNG.run(AbstractRemoteTestNG.java:115)
	at org.testng.remote.RemoteTestNG.initAndRun(RemoteTestNG.java:251)
	at org.testng.remote.RemoteTestNG.main(RemoteTestNG.java:77)
Caused by: org.openqa.selenium.NoSuchElementException: no such element: Unable to locate element: {&quot;method&quot;:&quot;css selector&quot;,&quot;selector&quot;:&quot;div:nth-child(2) &gt; div:nth-child(2)&quot;}
  (Session info: chrome=94.0.4606.71)
For documentation on this error, please visit: https://www.seleniumhq.org/exceptions/no_such_element.html
Build info: version: &apos;3.141.59&apos;, revision: &apos;e82be7d358&apos;, time: &apos;2018-11-14T08:17:03&apos;
System info: host: &apos;USLT20160&apos;, ip: &apos;192.168.125.1&apos;, os.name: &apos;Windows 10&apos;, os.arch: &apos;amd64&apos;, os.version: &apos;10.0&apos;, java.version: &apos;1.8.0_202&apos;
Driver info: org.openqa.selenium.chrome.ChromeDriver
Capabilities {acceptInsecureCerts: false, browserName: chrome, browserVersion: 94.0.4606.71, chrome: {chromedriverVersion: 94.0.4606.61 (418b78f5838ed..., userDataDir: C:\Users\YAVUZ~1.OZT\AppDat...}, goog:chromeOptions: {debuggerAddress: localhost:59268}, javascriptEnabled: true, networkConnectionEnabled: false, pageLoadStrategy: normal, platform: WINDOWS, platformName: WINDOWS, proxy: Proxy(), setWindowRect: true, strictFileInteractability: false, timeouts: {implicit: 0, pageLoad: 300000, script: 30000}, unhandledPromptBehavior: dismiss and notify, webauthn:extension:credBlob: true, webauthn:extension:largeBlob: true, webauthn:virtualAuthenticators: true}
Session ID: e2f33cdf630f247b1234a202f483dbac
*** Element info: {Using=css selector, value=div:nth-child(2) &gt; div:nth-child(2)}
	at sun.reflect.GeneratedConstructorAccessor23.newInstance(Unknown Source)
	at sun.reflect.DelegatingConstructorAccessorImpl.newInstance(DelegatingConstructorAccessorImpl.java:45)
	at java.lang.reflect.Constructor.newInstance(Constructor.java:423)
	at org.openqa.selenium.remote.http.W3CHttpResponseCodec.createException(W3CHttpResponseCodec.java:187)
	at org.openqa.selenium.remote.http.W3CHttpResponseCodec.decode(W3CHttpResponseCodec.java:122)
	at org.openqa.selenium.remote.http.W3CHttpResponseCodec.decode(W3CHttpResponseCodec.java:49)
	at org.openqa.selenium.remote.HttpCommandExecutor.execute(HttpCommandExecutor.java:158)
	at org.openqa.selenium.remote.service.DriverCommandExecutor.execute(DriverCommandExecutor.java:83)
	at org.openqa.selenium.remote.RemoteWebDriver.execute(RemoteWebDriver.java:552)
	at org.openqa.selenium.remote.RemoteWebDriver.findElement(RemoteWebDriver.java:323)
	at org.openqa.selenium.remote.RemoteWebDriver.findElementByCssSelector(RemoteWebDriver.java:420)
	at org.openqa.selenium.By$ByCssSelector.findElement(By.java:431)
	at org.openqa.selenium.remote.RemoteWebDriver.findElement(RemoteWebDriver.java:315)
	at org.openqa.selenium.support.ui.ExpectedConditions$6.apply(ExpectedConditions.java:182)
	at org.openqa.selenium.support.ui.ExpectedConditions$6.apply(ExpectedConditions.java:179)
	at org.openqa.selenium.support.ui.FluentWait.until(FluentWait.java:249)
	... 31 more
</pre></div></td>
<td>34</td>
<td>com.ert.wearables.test.tests.mobilityexchange.admin.TestStudy@4fe875be</td></tr>
<tr>
<td title='com.ert.wearables.test.tests.mobilityexchange.admin.TestStudy.testStudyObjectEditButtonWithLockedPhaseViaNameLink()'><b>testStudyObjectEditButtonWithLockedPhaseViaNameLink</b><br>Test class: com.ert.wearables.test.tests.mobilityexchange.admin.TestStudy<br>Test method: Test testStudyObjectEditButtonWithLockedPhaseViaNameLink<br/>
<a href="#Output-1330189204" onClick='toggleBox("Output-1330189204", this, "Show output", "Hide output");'>Show output</a>

<a href="#Output-1330189204" onClick="toggleAllBoxes();">Show all outputs</a>
<div class='log' id="Output-1330189204">
<a href='C:\Users\yavuz.ozturk\eclipse-workspace\com.ert.wearables.test\target\surefire-reports\failure_screenshots\testStudyObjectEditButtonWithLockedPhaseViaNameLink_07_10_2021_05_48_37.png'> <img src='C:\Users\yavuz.ozturk\eclipse-workspace\com.ert.wearables.test\target\surefire-reports\failure_screenshots\testStudyObjectEditButtonWithLockedPhaseViaNameLink_07_10_2021_05_48_37.png' height='100' width='100'/> </a><br/>
</div>
</td>
<td><div><pre>org.openqa.selenium.TimeoutException: Expected condition failed: waiting for presence of element located by: By.cssSelector: div:nth-child(2) &gt; div:nth-child(2) (tried for 20 second(s) with 500 milliseconds interval)
	at org.openqa.selenium.support.ui.WebDriverWait.timeoutException(WebDriverWait.java:95)
	at org.openqa.selenium.support.ui.FluentWait.until(FluentWait.java:272)
	at com.ert.wearables.test.core.utilities.ElementUtils.waitForElementPresent(ElementUtils.java:58)
	at com.ert.wearables.test.core.pages.mobilityexchange.admin.Study.getEditedObjectName(Study.java:645)
	at com.ert.wearables.test.tests.mobilityexchange.admin.TestStudy.testStudyObjectEditButtonWithLockedPhaseViaNameLink(TestStudy.java:847)
	at java.util.ArrayList.forEach(ArrayList.java:1257)
Caused by: org.openqa.selenium.NoSuchElementException: no such element: Unable to locate element: {&quot;method&quot;:&quot;css selector&quot;,&quot;selector&quot;:&quot;div:nth-child(2) &gt; div:nth-child(2)&quot;}
  (Session info: chrome=94.0.4606.71)
For documentation on this error, please visit: https://www.seleniumhq.org/exceptions/no_such_element.html
Build info: version: &apos;3.141.59&apos;, revision: &apos;e82be7d358&apos;, time: &apos;2018-11-14T08:17:03&apos;
System info: host: &apos;USLT20160&apos;, ip: &apos;192.168.125.1&apos;, os.name: &apos;Windows 10&apos;, os.arch: &apos;amd64&apos;, os.version: &apos;10.0&apos;, java.version: &apos;1.8.0_202&apos;
Driver info: org.openqa.selenium.chrome.ChromeDriver
Capabilities {acceptInsecureCerts: false, browserName: chrome, browserVersion: 94.0.4606.71, chrome: {chromedriverVersion: 94.0.4606.61 (418b78f5838ed..., userDataDir: C:\Users\YAVUZ~1.OZT\AppDat...}, goog:chromeOptions: {debuggerAddress: localhost:51439}, javascriptEnabled: true, networkConnectionEnabled: false, pageLoadStrategy: normal, platform: WINDOWS, platformName: WINDOWS, proxy: Proxy(), setWindowRect: true, strictFileInteractability: false, timeouts: {implicit: 0, pageLoad: 300000, script: 30000}, unhandledPromptBehavior: dismiss and notify, webauthn:extension:credBlob: true, webauthn:extension:largeBlob: true, webauthn:virtualAuthenticators: true}
Session ID: 4673066c0f866360efb125d8fc1142c6
*** Element info: {Using=css selector, value=div:nth-child(2) &gt; div:nth-child(2)}
	at org.openqa.selenium.remote.http.W3CHttpResponseCodec.createException(W3CHttpResponseCodec.java:187)
	at org.openqa.selenium.remote.http.W3CHttpResponseCodec.decode(W3CHttpResponseCodec.java:122)
	at org.openqa.selenium.remote.http.W3CHttpResponseCodec.decode(W3CHttpResponseCodec.java:49)
	at org.openqa.selenium.remote.HttpCommandExecutor.execute(HttpCommandExecutor.java:158)
	at org.openqa.selenium.remote.service.DriverCommandExecutor.execute(DriverCommandExecutor.java:83)
	at org.openqa.selenium.remote.RemoteWebDriver.execute(RemoteWebDriver.java:552)
	at org.openqa.selenium.remote.RemoteWebDriver.findElement(RemoteWebDriver.java:323)
	at org.openqa.selenium.remote.RemoteWebDriver.findElementByCssSelector(RemoteWebDriver.java:420)
	at org.openqa.selenium.By$ByCssSelector.findElement(By.java:431)
	at org.openqa.selenium.remote.RemoteWebDriver.findElement(RemoteWebDriver.java:315)
	at org.openqa.selenium.support.ui.ExpectedConditions$6.apply(ExpectedConditions.java:182)
	at org.openqa.selenium.support.ui.ExpectedConditions$6.apply(ExpectedConditions.java:179)
	at org.openqa.selenium.support.ui.FluentWait.until(FluentWait.java:249)
	... 31 more
... Removed 30 stack frames</pre></div><a href='#' onClick='toggleBox("stack-trace1330189204", this, "Click to show all stack frames", "Click to hide stack frames")'>Click to show all stack frames</a>
<div class='stack-trace' id='stack-trace1330189204'><pre>org.openqa.selenium.TimeoutException: Expected condition failed: waiting for presence of element located by: By.cssSelector: div:nth-child(2) &gt; div:nth-child(2) (tried for 20 second(s) with 500 milliseconds interval)
	at org.openqa.selenium.support.ui.WebDriverWait.timeoutException(WebDriverWait.java:95)
	at org.openqa.selenium.support.ui.FluentWait.until(FluentWait.java:272)
	at com.ert.wearables.test.core.utilities.ElementUtils.waitForElementPresent(ElementUtils.java:58)
	at com.ert.wearables.test.core.pages.mobilityexchange.admin.Study.getEditedObjectName(Study.java:645)
	at com.ert.wearables.test.tests.mobilityexchange.admin.TestStudy.testStudyObjectEditButtonWithLockedPhaseViaNameLink(TestStudy.java:847)
	at sun.reflect.NativeMethodAccessorImpl.invoke0(Native Method)
	at sun.reflect.NativeMethodAccessorImpl.invoke(NativeMethodAccessorImpl.java:62)
	at sun.reflect.DelegatingMethodAccessorImpl.invoke(DelegatingMethodAccessorImpl.java:43)
	at java.lang.reflect.Method.invoke(Method.java:498)
	at org.testng.internal.MethodInvocationHelper.invokeMethod(MethodInvocationHelper.java:133)
	at org.testng.internal.TestInvoker.invokeMethod(TestInvoker.java:598)
	at org.testng.internal.TestInvoker.invokeTestMethod(TestInvoker.java:173)
	at org.testng.internal.MethodRunner.runInSequence(MethodRunner.java:46)
	at org.testng.internal.TestInvoker$MethodInvocationAgent.invoke(TestInvoker.java:824)
	at org.testng.internal.TestInvoker.invokeTestMethods(TestInvoker.java:146)
	at org.testng.internal.TestMethodWorker.invokeTestMethods(TestMethodWorker.java:146)
	at org.testng.internal.TestMethodWorker.run(TestMethodWorker.java:128)
	at java.util.ArrayList.forEach(ArrayList.java:1257)
	at org.testng.TestRunner.privateRun(TestRunner.java:794)
	at org.testng.TestRunner.run(TestRunner.java:596)
	at org.testng.SuiteRunner.runTest(SuiteRunner.java:377)
	at org.testng.SuiteRunner.runSequentially(SuiteRunner.java:371)
	at org.testng.SuiteRunner.privateRun(SuiteRunner.java:332)
	at org.testng.SuiteRunner.run(SuiteRunner.java:276)
	at org.testng.SuiteRunnerWorker.runSuite(SuiteRunnerWorker.java:53)
	at org.testng.SuiteRunnerWorker.run(SuiteRunnerWorker.java:96)
	at org.testng.TestNG.runSuitesSequentially(TestNG.java:1212)
	at org.testng.TestNG.runSuitesLocally(TestNG.java:1134)
	at org.testng.TestNG.runSuites(TestNG.java:1063)
	at org.testng.TestNG.run(TestNG.java:1031)
	at org.testng.remote.AbstractRemoteTestNG.run(AbstractRemoteTestNG.java:115)
	at org.testng.remote.RemoteTestNG.initAndRun(RemoteTestNG.java:251)
	at org.testng.remote.RemoteTestNG.main(RemoteTestNG.java:77)
Caused by: org.openqa.selenium.NoSuchElementException: no such element: Unable to locate element: {&quot;method&quot;:&quot;css selector&quot;,&quot;selector&quot;:&quot;div:nth-child(2) &gt; div:nth-child(2)&quot;}
  (Session info: chrome=94.0.4606.71)
For documentation on this error, please visit: https://www.seleniumhq.org/exceptions/no_such_element.html
Build info: version: &apos;3.141.59&apos;, revision: &apos;e82be7d358&apos;, time: &apos;2018-11-14T08:17:03&apos;
System info: host: &apos;USLT20160&apos;, ip: &apos;192.168.125.1&apos;, os.name: &apos;Windows 10&apos;, os.arch: &apos;amd64&apos;, os.version: &apos;10.0&apos;, java.version: &apos;1.8.0_202&apos;
Driver info: org.openqa.selenium.chrome.ChromeDriver
Capabilities {acceptInsecureCerts: false, browserName: chrome, browserVersion: 94.0.4606.71, chrome: {chromedriverVersion: 94.0.4606.61 (418b78f5838ed..., userDataDir: C:\Users\YAVUZ~1.OZT\AppDat...}, goog:chromeOptions: {debuggerAddress: localhost:51439}, javascriptEnabled: true, networkConnectionEnabled: false, pageLoadStrategy: normal, platform: WINDOWS, platformName: WINDOWS, proxy: Proxy(), setWindowRect: true, strictFileInteractability: false, timeouts: {implicit: 0, pageLoad: 300000, script: 30000}, unhandledPromptBehavior: dismiss and notify, webauthn:extension:credBlob: true, webauthn:extension:largeBlob: true, webauthn:virtualAuthenticators: true}
Session ID: 4673066c0f866360efb125d8fc1142c6
*** Element info: {Using=css selector, value=div:nth-child(2) &gt; div:nth-child(2)}
	at sun.reflect.GeneratedConstructorAccessor23.newInstance(Unknown Source)
	at sun.reflect.DelegatingConstructorAccessorImpl.newInstance(DelegatingConstructorAccessorImpl.java:45)
	at java.lang.reflect.Constructor.newInstance(Constructor.java:423)
	at org.openqa.selenium.remote.http.W3CHttpResponseCodec.createException(W3CHttpResponseCodec.java:187)
	at org.openqa.selenium.remote.http.W3CHttpResponseCodec.decode(W3CHttpResponseCodec.java:122)
	at org.openqa.selenium.remote.http.W3CHttpResponseCodec.decode(W3CHttpResponseCodec.java:49)
	at org.openqa.selenium.remote.HttpCommandExecutor.execute(HttpCommandExecutor.java:158)
	at org.openqa.selenium.remote.service.DriverCommandExecutor.execute(DriverCommandExecutor.java:83)
	at org.openqa.selenium.remote.RemoteWebDriver.execute(RemoteWebDriver.java:552)
	at org.openqa.selenium.remote.RemoteWebDriver.findElement(RemoteWebDriver.java:323)
	at org.openqa.selenium.remote.RemoteWebDriver.findElementByCssSelector(RemoteWebDriver.java:420)
	at org.openqa.selenium.By$ByCssSelector.findElement(By.java:431)
	at org.openqa.selenium.remote.RemoteWebDriver.findElement(RemoteWebDriver.java:315)
	at org.openqa.selenium.support.ui.ExpectedConditions$6.apply(ExpectedConditions.java:182)
	at org.openqa.selenium.support.ui.ExpectedConditions$6.apply(ExpectedConditions.java:179)
	at org.openqa.selenium.support.ui.FluentWait.until(FluentWait.java:249)
	... 31 more
</pre></div></td>
<td>34</td>
<td>com.ert.wearables.test.tests.mobilityexchange.admin.TestStudy@4fe875be</td></tr>
</table><p>
<table width='100%' border='1' class='invocation-passed'>
<tr><td colspan='4' align='center'><b>PASSED TESTS</b></td></tr>
<tr><td><b>Test method</b></td>
<td width="30%"><b>Exception</b></td>
<td width="10%"><b>Time (seconds)</b></td>
<td><b>Instance</b></td>
</tr>
<tr>
<td title='com.ert.wearables.test.tests.mobilityexchange.admin.TestStudy.testStudyObjectHistoryViaStudiesTablesNameLinkWhenEditingObject()'><b>testStudyObjectHistoryViaStudiesTablesNameLinkWhenEditingObject</b><br>Test class: com.ert.wearables.test.tests.mobilityexchange.admin.TestStudy<br>Test method: Test testStudyObjectHistoryViaStudiesTablesNameLinkWhenEditingObject</td>
<td></td>
<td>7</td>
<td>com.ert.wearables.test.tests.mobilityexchange.admin.TestStudy@4fe875be</td></tr>
<tr>
<td title='com.ert.wearables.test.tests.mobilityexchange.admin.TestStudy.testStudyObjectEditButtonWithFinishedPhaseViaIdLink()'><b>testStudyObjectEditButtonWithFinishedPhaseViaIdLink</b><br>Test class: com.ert.wearables.test.tests.mobilityexchange.admin.TestStudy<br>Test method: Test testStudyObjectEditButtonWithFinishedPhaseViaIdLink</td>
<td></td>
<td>14</td>
<td>com.ert.wearables.test.tests.mobilityexchange.admin.TestStudy@4fe875be</td></tr>
<tr>
<td title='com.ert.wearables.test.tests.mobilityexchange.admin.TestSite.testSiteHistoryViaSiteTablesIdLinkWhenEditingSite()'><b>testSiteHistoryViaSiteTablesIdLinkWhenEditingSite</b><br>Test class: com.ert.wearables.test.tests.mobilityexchange.admin.TestSite<br>Test method: Test testSiteHistoryViaSiteTablesIdLinkWhenEditingSite</td>
<td></td>
<td>8</td>
<td>com.ert.wearables.test.tests.mobilityexchange.admin.TestSite@677b8e13</td></tr>
<tr>
<td title='com.ert.wearables.test.tests.mobilityexchange.admin.TestStudy.testStudyObjectEditButtonWithCancelledPhaseViaIdLink()'><b>testStudyObjectEditButtonWithCancelledPhaseViaIdLink</b><br>Test class: com.ert.wearables.test.tests.mobilityexchange.admin.TestStudy<br>Test method: Test testStudyObjectEditButtonWithCancelledPhaseViaIdLink</td>
<td></td>
<td>15</td>
<td>com.ert.wearables.test.tests.mobilityexchange.admin.TestStudy@4fe875be</td></tr>
<tr>
<td title='com.ert.wearables.test.tests.mobilityexchange.admin.TestAdminLogin.testLoginInvalidCreds()'><b>testLoginInvalidCreds</b><br>Test class: com.ert.wearables.test.tests.mobilityexchange.admin.TestAdminLogin<br>Test method: Test invalid login credentials<br>Parameters: jess, jess</td>
<td></td>
<td>5</td>
<td>com.ert.wearables.test.tests.mobilityexchange.admin.TestAdminLogin@47f08b81</td></tr>
<tr>
<td title='com.ert.wearables.test.tests.mobilityexchange.admin.TestSite.testSiteHistoryViaSiteTableIdLink()'><b>testSiteHistoryViaSiteTableIdLink</b><br>Test class: com.ert.wearables.test.tests.mobilityexchange.admin.TestSite<br>Test method: Test testSiteHistoryViaSiteTablesIdLink</td>
<td></td>
<td>7</td>
<td>com.ert.wearables.test.tests.mobilityexchange.admin.TestSite@677b8e13</td></tr>
<tr>
<td title='com.ert.wearables.test.tests.mobilityexchange.admin.TestStudy.testStudyTableCreationDateSort()'><b>testStudyTableCreationDateSort</b><br>Test class: com.ert.wearables.test.tests.mobilityexchange.admin.TestStudy<br>Test method: Test testStudyTableCreationDateSort</td>
<td></td>
<td>52</td>
<td>com.ert.wearables.test.tests.mobilityexchange.admin.TestStudy@4fe875be</td></tr>
<tr>
<td title='com.ert.wearables.test.tests.mobilityexchange.admin.TestStudy.testStudyObjectEditButtonWithActivePhaseViaNameLink()'><b>testStudyObjectEditButtonWithActivePhaseViaNameLink</b><br>Test class: com.ert.wearables.test.tests.mobilityexchange.admin.TestStudy<br>Test method: Test testStudyObjectEditButtonWithActivePhaseViaNameLink</td>
<td></td>
<td>14</td>
<td>com.ert.wearables.test.tests.mobilityexchange.admin.TestStudy@4fe875be</td></tr>
<tr>
<td title='com.ert.wearables.test.tests.mobilityexchange.admin.TestSite.testSiteTableSiteIdLink()'><b>testSiteTableSiteIdLink</b><br>Test class: com.ert.wearables.test.tests.mobilityexchange.admin.TestSite<br>Test method: Test testSiteTableSiteIdLink</td>
<td></td>
<td>4</td>
<td>com.ert.wearables.test.tests.mobilityexchange.admin.TestSite@677b8e13</td></tr>
<tr>
<td title='com.ert.wearables.test.tests.mobilityexchange.admin.TestSite.testSiteTableCitySort()'><b>testSiteTableCitySort</b><br>Test class: com.ert.wearables.test.tests.mobilityexchange.admin.TestSite<br>Test method: Test testSiteTableCitySort</td>
<td></td>
<td>25</td>
<td>com.ert.wearables.test.tests.mobilityexchange.admin.TestSite@677b8e13</td></tr>
<tr>
<td title='com.ert.wearables.test.tests.mobilityexchange.admin.TestAdminLogin.testLoginEmptyUserEmail()'><b>testLoginEmptyUserEmail</b><br>Test class: com.ert.wearables.test.tests.mobilityexchange.admin.TestAdminLogin<br>Test method: Test login with empty email<br>Parameters: </td>
<td></td>
<td>4</td>
<td>com.ert.wearables.test.tests.mobilityexchange.admin.TestAdminLogin@47f08b81</td></tr>
<tr>
<td title='com.ert.wearables.test.tests.mobilityexchange.admin.TestSite.testSiteTableContactUserSort()'><b>testSiteTableContactUserSort</b><br>Test class: com.ert.wearables.test.tests.mobilityexchange.admin.TestSite<br>Test method: Test testSiteTableContactUserSort</td>
<td></td>
<td>25</td>
<td>com.ert.wearables.test.tests.mobilityexchange.admin.TestSite@677b8e13</td></tr>
<tr>
<td title='com.ert.wearables.test.tests.mobilityexchange.admin.TestAdminLogin.testLoginInvalidCreds()'><b>testLoginInvalidCreds</b><br>Test class: com.ert.wearables.test.tests.mobilityexchange.admin.TestAdminLogin<br>Test method: Test invalid login credentials<br>Parameters: nick34@yahoo.com, 1234</td>
<td></td>
<td>5</td>
<td>com.ert.wearables.test.tests.mobilityexchange.admin.TestAdminLogin@47f08b81</td></tr>
<tr>
<td title='com.ert.wearables.test.tests.mobilityexchange.admin.TestAdminLogin.testLoginPage()'><b>testLoginPage</b><br>Test class: com.ert.wearables.test.tests.mobilityexchange.admin.TestAdminLogin<br>Test method: Test testLoginPage</td>
<td></td>
<td>7</td>
<td>com.ert.wearables.test.tests.mobilityexchange.admin.TestAdminLogin@47f08b81</td></tr>
<tr>
<td title='com.ert.wearables.test.tests.mobilityexchange.admin.TestSite.testSiteTableNameSort()'><b>testSiteTableNameSort</b><br>Test class: com.ert.wearables.test.tests.mobilityexchange.admin.TestSite<br>Test method: Test testSiteTableNameSort</td>
<td></td>
<td>23</td>
<td>com.ert.wearables.test.tests.mobilityexchange.admin.TestSite@677b8e13</td></tr>
<tr>
<td title='com.ert.wearables.test.tests.mobilityexchange.admin.TestAdminLogin.testLoginInvalidCreds()'><b>testLoginInvalidCreds</b><br>Test class: com.ert.wearables.test.tests.mobilityexchange.admin.TestAdminLogin<br>Test method: Test invalid login credentials<br>Parameters: yavuz!, test4567</td>
<td></td>
<td>5</td>
<td>com.ert.wearables.test.tests.mobilityexchange.admin.TestAdminLogin@47f08b81</td></tr>
<tr>
<td title='com.ert.wearables.test.tests.mobilityexchange.admin.TestAdminLogin.testLogout()'><b>testLogout</b><br>Test class: com.ert.wearables.test.tests.mobilityexchange.admin.TestAdminLogin<br>Test method: Test testLogout</td>
<td></td>
<td>10</td>
<td>com.ert.wearables.test.tests.mobilityexchange.admin.TestAdminLogin@47f08b81</td></tr>
<tr>
<td title='com.ert.wearables.test.tests.mobilityexchange.admin.TestSite.testSiteTableNotesSort()'><b>testSiteTableNotesSort</b><br>Test class: com.ert.wearables.test.tests.mobilityexchange.admin.TestSite<br>Test method: Test testSiteTableNotesSort</td>
<td></td>
<td>25</td>
<td>com.ert.wearables.test.tests.mobilityexchange.admin.TestSite@677b8e13</td></tr>
<tr>
<td title='com.ert.wearables.test.tests.mobilityexchange.admin.TestStudy.testStudyTableObjectNameLink()'><b>testStudyTableObjectNameLink</b><br>Test class: com.ert.wearables.test.tests.mobilityexchange.admin.TestStudy<br>Test method:  Test testStudyTableObjectNameLink</td>
<td></td>
<td>4</td>
<td>com.ert.wearables.test.tests.mobilityexchange.admin.TestStudy@4fe875be</td></tr>
<tr>
<td title='com.ert.wearables.test.tests.mobilityexchange.admin.TestStudy.testStudyTableDeviceAllocationConfigurationsSort()'><b>testStudyTableDeviceAllocationConfigurationsSort</b><br>Test class: com.ert.wearables.test.tests.mobilityexchange.admin.TestStudy<br>Test method: Test testStudyTableDeviceAllocationConfigurationsSort</td>
<td></td>
<td>52</td>
<td>com.ert.wearables.test.tests.mobilityexchange.admin.TestStudy@4fe875be</td></tr>
<tr>
<td title='com.ert.wearables.test.tests.mobilityexchange.admin.TestStudy.testStudyTableMembersLink()'><b>testStudyTableMembersLink</b><br>Test class: com.ert.wearables.test.tests.mobilityexchange.admin.TestStudy<br>Test method: Test testStudyTableMembersLink</td>
<td></td>
<td>5</td>
<td>com.ert.wearables.test.tests.mobilityexchange.admin.TestStudy@4fe875be</td></tr>
<tr>
<td title='com.ert.wearables.test.tests.mobilityexchange.admin.TestAdminLogin.testLoginInvalidCreds()'><b>testLoginInvalidCreds</b><br>Test class: com.ert.wearables.test.tests.mobilityexchange.admin.TestAdminLogin<br>Test method: Test invalid login credentials<br>Parameters: TestAdmin, Test</td>
<td></td>
<td>5</td>
<td>com.ert.wearables.test.tests.mobilityexchange.admin.TestAdminLogin@47f08b81</td></tr>
<tr>
<td title='com.ert.wearables.test.tests.mobilityexchange.admin.TestSite.testSiteFormDeleteObjectWithIdLink()'><b>testSiteFormDeleteObjectWithIdLink</b><br>Test class: com.ert.wearables.test.tests.mobilityexchange.admin.TestSite<br>Test method: Test testSiteFormDeleteObjectWithIdLink</td>
<td></td>
<td>14</td>
<td>com.ert.wearables.test.tests.mobilityexchange.admin.TestSite@677b8e13</td></tr>
<tr>
<td title='com.ert.wearables.test.tests.mobilityexchange.admin.TestStudy.testStudyObjectEditButtonWithNotSetPhaseViaIdLink()'><b>testStudyObjectEditButtonWithNotSetPhaseViaIdLink</b><br>Test class: com.ert.wearables.test.tests.mobilityexchange.admin.TestStudy<br>Test method: Test testStudyObjectEditButtonWithNotSetPhaseViaIdLink</td>
<td></td>
<td>13</td>
<td>com.ert.wearables.test.tests.mobilityexchange.admin.TestStudy@4fe875be</td></tr>
<tr>
<td title='com.ert.wearables.test.tests.mobilityexchange.admin.TestSite.testFullCompactViewsOnSite()'><b>testFullCompactViewsOnSite</b><br>Test class: com.ert.wearables.test.tests.mobilityexchange.admin.TestSite<br>Test method: Test testFullCompactViewsOnSite</td>
<td></td>
<td>6</td>
<td>com.ert.wearables.test.tests.mobilityexchange.admin.TestSite@677b8e13</td></tr>
<tr>
<td title='com.ert.wearables.test.tests.mobilityexchange.admin.TestSite.testSiteTableSiteNameLink()'><b>testSiteTableSiteNameLink</b><br>Test class: com.ert.wearables.test.tests.mobilityexchange.admin.TestSite<br>Test method:  Test testSiteTableSiteNameLink</td>
<td></td>
<td>5</td>
<td>com.ert.wearables.test.tests.mobilityexchange.admin.TestSite@677b8e13</td></tr>
<tr>
<td title='com.ert.wearables.test.tests.mobilityexchange.admin.TestStudy.testCreateNewTestObjectNotSet()'><b>testCreateNewTestObjectNotSet</b><br>Test class: com.ert.wearables.test.tests.mobilityexchange.admin.TestStudy<br>Test method: Test testCreateNewTestObjectNotSet</td>
<td></td>
<td>23</td>
<td>com.ert.wearables.test.tests.mobilityexchange.admin.TestStudy@4fe875be</td></tr>
<tr>
<td title='com.ert.wearables.test.tests.mobilityexchange.admin.TestSite.testSiteTableAddressLineTwoSort()'><b>testSiteTableAddressLineTwoSort</b><br>Test class: com.ert.wearables.test.tests.mobilityexchange.admin.TestSite<br>Test method: Test testSiteTableAddressLineTwoSort</td>
<td></td>
<td>25</td>
<td>com.ert.wearables.test.tests.mobilityexchange.admin.TestSite@677b8e13</td></tr>
<tr>
<td title='com.ert.wearables.test.tests.mobilityexchange.admin.TestStudy.testStudyObjectEditButtonWithConfiguringPhaseViaIdLink()'><b>testStudyObjectEditButtonWithConfiguringPhaseViaIdLink</b><br>Test class: com.ert.wearables.test.tests.mobilityexchange.admin.TestStudy<br>Test method: Test testStudyObjectEditButtonWithConfiguringPhaseViaIdLink</td>
<td></td>
<td>13</td>
<td>com.ert.wearables.test.tests.mobilityexchange.admin.TestStudy@4fe875be</td></tr>
<tr>
<td title='com.ert.wearables.test.tests.mobilityexchange.admin.TestSite.testCreateNewSite()'><b>testCreateNewSite</b><br>Test class: com.ert.wearables.test.tests.mobilityexchange.admin.TestSite<br>Test method: Test testCreateNewSite</td>
<td></td>
<td>21</td>
<td>com.ert.wearables.test.tests.mobilityexchange.admin.TestSite@677b8e13</td></tr>
<tr>
<td title='com.ert.wearables.test.tests.mobilityexchange.admin.TestStudy.testStudyTableMembersSort()'><b>testStudyTableMembersSort</b><br>Test class: com.ert.wearables.test.tests.mobilityexchange.admin.TestStudy<br>Test method: Test testStudyTableMembersSort</td>
<td></td>
<td>53</td>
<td>com.ert.wearables.test.tests.mobilityexchange.admin.TestStudy@4fe875be</td></tr>
<tr>
<td title='com.ert.wearables.test.tests.mobilityexchange.admin.TestStudy.testStudyObjectEditButtonWithConfiguredPhaseViaNameLink()'><b>testStudyObjectEditButtonWithConfiguredPhaseViaNameLink</b><br>Test class: com.ert.wearables.test.tests.mobilityexchange.admin.TestStudy<br>Test method: Test testStudyObjectEditButtonWithConfiguredPhaseViaNameLink</td>
<td></td>
<td>13</td>
<td>com.ert.wearables.test.tests.mobilityexchange.admin.TestStudy@4fe875be</td></tr>
<tr>
<td title='com.ert.wearables.test.tests.mobilityexchange.admin.TestStudy.testStudyTableProtocolDefinitionsLink()'><b>testStudyTableProtocolDefinitionsLink</b><br>Test class: com.ert.wearables.test.tests.mobilityexchange.admin.TestStudy<br>Test method: Test testStudyTableProtocolDefinitionsLink</td>
<td></td>
<td>5</td>
<td>com.ert.wearables.test.tests.mobilityexchange.admin.TestStudy@4fe875be</td></tr>
<tr>
<td title='com.ert.wearables.test.tests.mobilityexchange.admin.TestSite.testSiteTableDeletedSort()'><b>testSiteTableDeletedSort</b><br>Test class: com.ert.wearables.test.tests.mobilityexchange.admin.TestSite<br>Test method: Test testSiteTableDeletedSort</td>
<td></td>
<td>25</td>
<td>com.ert.wearables.test.tests.mobilityexchange.admin.TestSite@677b8e13</td></tr>
<tr>
<td title='com.ert.wearables.test.tests.mobilityexchange.admin.TestStudy.testStudyObjectHistoryViaStudiesTableNameLink()'><b>testStudyObjectHistoryViaStudiesTableNameLink</b><br>Test class: com.ert.wearables.test.tests.mobilityexchange.admin.TestStudy<br>Test method: Test testStudyObjectHistoryViaStudiesTablesNameLink</td>
<td></td>
<td>7</td>
<td>com.ert.wearables.test.tests.mobilityexchange.admin.TestStudy@4fe875be</td></tr>
<tr>
<td title='com.ert.wearables.test.tests.mobilityexchange.admin.TestStudy.testStudyTableObjectTestDefinitionsLink()'><b>testStudyTableObjectTestDefinitionsLink</b><br>Test class: com.ert.wearables.test.tests.mobilityexchange.admin.TestStudy<br>Test method: Test testStudyTableObjectTestDefinitionsLink</td>
<td></td>
<td>5</td>
<td>com.ert.wearables.test.tests.mobilityexchange.admin.TestStudy@4fe875be</td></tr>
<tr>
<td title='com.ert.wearables.test.tests.mobilityexchange.admin.TestStudy.testStudyTableTrialsSort()'><b>testStudyTableTrialsSort</b><br>Test class: com.ert.wearables.test.tests.mobilityexchange.admin.TestStudy<br>Test method: Test testStudyTableTrialsSort</td>
<td></td>
<td>53</td>
<td>com.ert.wearables.test.tests.mobilityexchange.admin.TestStudy@4fe875be</td></tr>
<tr>
<td title='com.ert.wearables.test.tests.mobilityexchange.admin.TestStudy.testStudyTableDeviceAllocationConfigurationsLink()'><b>testStudyTableDeviceAllocationConfigurationsLink</b><br>Test class: com.ert.wearables.test.tests.mobilityexchange.admin.TestStudy<br>Test method: Test testStudyTableDeviceAllocationConfigurationsLink</td>
<td></td>
<td>5</td>
<td>com.ert.wearables.test.tests.mobilityexchange.admin.TestStudy@4fe875be</td></tr>
<tr>
<td title='com.ert.wearables.test.tests.mobilityexchange.admin.TestSite.testSiteTableCountrySort()'><b>testSiteTableCountrySort</b><br>Test class: com.ert.wearables.test.tests.mobilityexchange.admin.TestSite<br>Test method: Test testSiteTableCountrySort</td>
<td></td>
<td>25</td>
<td>com.ert.wearables.test.tests.mobilityexchange.admin.TestSite@677b8e13</td></tr>
<tr>
<td title='com.ert.wearables.test.tests.mobilityexchange.admin.TestStudy.testFullCompactViewsOnStudy()'><b>testFullCompactViewsOnStudy</b><br>Test class: com.ert.wearables.test.tests.mobilityexchange.admin.TestStudy<br>Test method: Test testFullCompactViewsOnStudy</td>
<td></td>
<td>5</td>
<td>com.ert.wearables.test.tests.mobilityexchange.admin.TestStudy@4fe875be</td></tr>
<tr>
<td title='com.ert.wearables.test.tests.mobilityexchange.admin.TestSite.testSiteEditButtonViaIdLink()'><b>testSiteEditButtonViaIdLink</b><br>Test class: com.ert.wearables.test.tests.mobilityexchange.admin.TestSite<br>Test method: Test testSiteEditButtonViaIdLink</td>
<td></td>
<td>16</td>
<td>com.ert.wearables.test.tests.mobilityexchange.admin.TestSite@677b8e13</td></tr>
<tr>
<td title='com.ert.wearables.test.tests.mobilityexchange.admin.TestAdminLogin.testLoginEmptyUserEmail()'><b>testLoginEmptyUserEmail</b><br>Test class: com.ert.wearables.test.tests.mobilityexchange.admin.TestAdminLogin<br>Test method: Test login with empty email<br>Parameters: </td>
<td></td>
<td>4</td>
<td>com.ert.wearables.test.tests.mobilityexchange.admin.TestAdminLogin@47f08b81</td></tr>
<tr>
<td title='com.ert.wearables.test.tests.mobilityexchange.admin.TestSite.testSiteWebTableData()'><b>testSiteWebTableData</b><br>Test class: com.ert.wearables.test.tests.mobilityexchange.admin.TestSite<br>Test method: Test validateSiteWebTableData</td>
<td></td>
<td>41</td>
<td>com.ert.wearables.test.tests.mobilityexchange.admin.TestSite@677b8e13</td></tr>
<tr>
<td title='com.ert.wearables.test.tests.mobilityexchange.admin.TestStudy.testStudyObjectEditButtonWithFinishedPhaseViaNameLink()'><b>testStudyObjectEditButtonWithFinishedPhaseViaNameLink</b><br>Test class: com.ert.wearables.test.tests.mobilityexchange.admin.TestStudy<br>Test method: Test testStudyObjectEditButtonWithFinishedPhaseViaNameLink</td>
<td></td>
<td>15</td>
<td>com.ert.wearables.test.tests.mobilityexchange.admin.TestStudy@4fe875be</td></tr>
<tr>
<td title='com.ert.wearables.test.tests.mobilityexchange.admin.TestStudy.testStudyObjectEditButtonWithNotSetPhaseViaNameLink()'><b>testStudyObjectEditButtonWithNotSetPhaseViaNameLink</b><br>Test class: com.ert.wearables.test.tests.mobilityexchange.admin.TestStudy<br>Test method: Test testStudyObjectEditButtonWithNotSetPhaseViaNameLink</td>
<td></td>
<td>13</td>
<td>com.ert.wearables.test.tests.mobilityexchange.admin.TestStudy@4fe875be</td></tr>
<tr>
<td title='com.ert.wearables.test.tests.mobilityexchange.admin.TestStudy.testStudyTableDeviceAllocationGroupsSort()'><b>testStudyTableDeviceAllocationGroupsSort</b><br>Test class: com.ert.wearables.test.tests.mobilityexchange.admin.TestStudy<br>Test method: Test testStudyTableDeviceAllocationGroupsSort</td>
<td></td>
<td>53</td>
<td>com.ert.wearables.test.tests.mobilityexchange.admin.TestStudy@4fe875be</td></tr>
<tr>
<td title='com.ert.wearables.test.tests.mobilityexchange.admin.TestStudy.testStudyTableAllowDeviceAllocationConfigurationsSort()'><b>testStudyTableAllowDeviceAllocationConfigurationsSort</b><br>Test class: com.ert.wearables.test.tests.mobilityexchange.admin.TestStudy<br>Test method: Test testStudyTableAllowDeviceAllocationConfigurationsSort</td>
<td></td>
<td>53</td>
<td>com.ert.wearables.test.tests.mobilityexchange.admin.TestStudy@4fe875be</td></tr>
<tr>
<td title='com.ert.wearables.test.tests.mobilityexchange.admin.TestStudy.testStudyTablePropertiesSort()'><b>testStudyTablePropertiesSort</b><br>Test class: com.ert.wearables.test.tests.mobilityexchange.admin.TestStudy<br>Test method: Test testStudyTablePropertiesSort</td>
<td></td>
<td>52</td>
<td>com.ert.wearables.test.tests.mobilityexchange.admin.TestStudy@4fe875be</td></tr>
<tr>
<td title='com.ert.wearables.test.tests.mobilityexchange.admin.TestStudy.testStudyFormDeleteObjectWithNameLink()'><b>testStudyFormDeleteObjectWithNameLink</b><br>Test class: com.ert.wearables.test.tests.mobilityexchange.admin.TestStudy<br>Test method: Test testStudyFormDeleteObjectWithNameLink</td>
<td></td>
<td>24</td>
<td>com.ert.wearables.test.tests.mobilityexchange.admin.TestStudy@4fe875be</td></tr>
<tr>
<td title='com.ert.wearables.test.tests.mobilityexchange.admin.TestAdminLogin.testLoginInvalidCreds()'><b>testLoginInvalidCreds</b><br>Test class: com.ert.wearables.test.tests.mobilityexchange.admin.TestAdminLogin<br>Test method: Test invalid login credentials<br>Parameters: lars@gmail.com, test1234</td>
<td></td>
<td>5</td>
<td>com.ert.wearables.test.tests.mobilityexchange.admin.TestAdminLogin@47f08b81</td></tr>
<tr>
<td title='com.ert.wearables.test.tests.mobilityexchange.admin.TestAdminLogin.testGetTitle()'><b>testGetTitle</b><br>Test class: com.ert.wearables.test.tests.mobilityexchange.admin.TestAdminLogin<br>Test method: Test testGetTitle</td>
<td></td>
<td>0</td>
<td>com.ert.wearables.test.tests.mobilityexchange.admin.TestAdminLogin@47f08b81</td></tr>
<tr>
<td title='com.ert.wearables.test.tests.mobilityexchange.admin.TestStudy.testStudyObjectEditButtonWithConfiguredPhaseViaIdLink()'><b>testStudyObjectEditButtonWithConfiguredPhaseViaIdLink</b><br>Test class: com.ert.wearables.test.tests.mobilityexchange.admin.TestStudy<br>Test method: Test testStudyObjectEditButtonWithConfiguredPhaseViaIdLink</td>
<td></td>
<td>12</td>
<td>com.ert.wearables.test.tests.mobilityexchange.admin.TestStudy@4fe875be</td></tr>
<tr>
<td title='com.ert.wearables.test.tests.mobilityexchange.admin.TestStudy.testStudyTableSessionsSort()'><b>testStudyTableSessionsSort</b><br>Test class: com.ert.wearables.test.tests.mobilityexchange.admin.TestStudy<br>Test method: Test testStudyTableSessionsSort</td>
<td></td>
<td>50</td>
<td>com.ert.wearables.test.tests.mobilityexchange.admin.TestStudy@4fe875be</td></tr>
<tr>
<td title='com.ert.wearables.test.tests.mobilityexchange.admin.TestSite.testSiteFormDeleteSiteWithNameLink()'><b>testSiteFormDeleteSiteWithNameLink</b><br>Test class: com.ert.wearables.test.tests.mobilityexchange.admin.TestSite<br>Test method: Test testSiteFormDeleteSiteWithNameLink</td>
<td></td>
<td>16</td>
<td>com.ert.wearables.test.tests.mobilityexchange.admin.TestSite@677b8e13</td></tr>
<tr>
<td title='com.ert.wearables.test.tests.mobilityexchange.admin.TestStudy.testStudyTableDeviceAllocationGroupsLink()'><b>testStudyTableDeviceAllocationGroupsLink</b><br>Test class: com.ert.wearables.test.tests.mobilityexchange.admin.TestStudy<br>Test method: Test testStudyTableDeviceAllocationGroupsLink</td>
<td></td>
<td>5</td>
<td>com.ert.wearables.test.tests.mobilityexchange.admin.TestStudy@4fe875be</td></tr>
<tr>
<td title='com.ert.wearables.test.tests.mobilityexchange.admin.TestSite.testSiteTableZipSort()'><b>testSiteTableZipSort</b><br>Test class: com.ert.wearables.test.tests.mobilityexchange.admin.TestSite<br>Test method: Test testSiteTableZipSort</td>
<td></td>
<td>25</td>
<td>com.ert.wearables.test.tests.mobilityexchange.admin.TestSite@677b8e13</td></tr>
<tr>
<td title='com.ert.wearables.test.tests.mobilityexchange.admin.TestStudy.testStudyTableUsesSitesSort()'><b>testStudyTableUsesSitesSort</b><br>Test class: com.ert.wearables.test.tests.mobilityexchange.admin.TestStudy<br>Test method: Test testStudyTableUsesSitesSort</td>
<td></td>
<td>52</td>
<td>com.ert.wearables.test.tests.mobilityexchange.admin.TestStudy@4fe875be</td></tr>
<tr>
<td title='com.ert.wearables.test.tests.mobilityexchange.admin.TestSite.testSiteEditButtonViaNameLink()'><b>testSiteEditButtonViaNameLink</b><br>Test class: com.ert.wearables.test.tests.mobilityexchange.admin.TestSite<br>Test method: Test testSiteEditButtonViaNameLink</td>
<td></td>
<td>17</td>
<td>com.ert.wearables.test.tests.mobilityexchange.admin.TestSite@677b8e13</td></tr>
<tr>
<td title='com.ert.wearables.test.tests.mobilityexchange.admin.TestStudy.testCreateNewTestObjectWithConfigured()'><b>testCreateNewTestObjectWithConfigured</b><br>Test class: com.ert.wearables.test.tests.mobilityexchange.admin.TestStudy<br>Test method: Test testCreateNewTestObjectWithConfigured</td>
<td></td>
<td>25</td>
<td>com.ert.wearables.test.tests.mobilityexchange.admin.TestStudy@4fe875be</td></tr>
<tr>
<td title='com.ert.wearables.test.tests.mobilityexchange.admin.TestStudy.testStudyObjectHistoryViaStudiesTablesIdLinkWhenEditingObject()'><b>testStudyObjectHistoryViaStudiesTablesIdLinkWhenEditingObject</b><br>Test class: com.ert.wearables.test.tests.mobilityexchange.admin.TestStudy<br>Test method: Test testStudyObjectHistoryViaStudiesTablesIdLinkWhenEditingObject</td>
<td></td>
<td>7</td>
<td>com.ert.wearables.test.tests.mobilityexchange.admin.TestStudy@4fe875be</td></tr>
<tr>
<td title='com.ert.wearables.test.tests.mobilityexchange.admin.TestStudy.testStudyTableStartDateSort()'><b>testStudyTableStartDateSort</b><br>Test class: com.ert.wearables.test.tests.mobilityexchange.admin.TestStudy<br>Test method: Test testStudyTableStartDateSort</td>
<td></td>
<td>53</td>
<td>com.ert.wearables.test.tests.mobilityexchange.admin.TestStudy@4fe875be</td></tr>
<tr>
<td title='com.ert.wearables.test.tests.mobilityexchange.admin.TestStudy.testStudyObjectHistoryViaStudiesTableIdLink()'><b>testStudyObjectHistoryViaStudiesTableIdLink</b><br>Test class: com.ert.wearables.test.tests.mobilityexchange.admin.TestStudy<br>Test method: Test testStudyObjectHistoryViaStudiesTablesIdLink</td>
<td></td>
<td>6</td>
<td>com.ert.wearables.test.tests.mobilityexchange.admin.TestStudy@4fe875be</td></tr>
<tr>
<td title='com.ert.wearables.test.tests.mobilityexchange.admin.TestStudy.testStudyTableNameSort()'><b>testStudyTableNameSort</b><br>Test class: com.ert.wearables.test.tests.mobilityexchange.admin.TestStudy<br>Test method: Test testStudyTableNameSort</td>
<td></td>
<td>50</td>
<td>com.ert.wearables.test.tests.mobilityexchange.admin.TestStudy@4fe875be</td></tr>
<tr>
<td title='com.ert.wearables.test.tests.mobilityexchange.admin.TestSite.testSiteTableSubjectsSort()'><b>testSiteTableSubjectsSort</b><br>Test class: com.ert.wearables.test.tests.mobilityexchange.admin.TestSite<br>Test method: Test testSiteTableSubjectsSort</td>
<td></td>
<td>23</td>
<td>com.ert.wearables.test.tests.mobilityexchange.admin.TestSite@677b8e13</td></tr>
<tr>
<td title='com.ert.wearables.test.tests.mobilityexchange.admin.TestStudy.testStudyTableRolesSort()'><b>testStudyTableRolesSort</b><br>Test class: com.ert.wearables.test.tests.mobilityexchange.admin.TestStudy<br>Test method: Test testStudyTableRolesSort</td>
<td></td>
<td>52</td>
<td>com.ert.wearables.test.tests.mobilityexchange.admin.TestStudy@4fe875be</td></tr>
<tr>
<td title='com.ert.wearables.test.tests.mobilityexchange.admin.TestSite.testSiteHistoryViaSiteTablesNameLinkWhenEditingSite()'><b>testSiteHistoryViaSiteTablesNameLinkWhenEditingSite</b><br>Test class: com.ert.wearables.test.tests.mobilityexchange.admin.TestSite<br>Test method: Test testSiteHistoryViaSiteTablesNameLinkWhenEditingSite</td>
<td></td>
<td>8</td>
<td>com.ert.wearables.test.tests.mobilityexchange.admin.TestSite@677b8e13</td></tr>
<tr>
<td title='com.ert.wearables.test.tests.mobilityexchange.admin.TestSite.testSiteTableStateSort()'><b>testSiteTableStateSort</b><br>Test class: com.ert.wearables.test.tests.mobilityexchange.admin.TestSite<br>Test method: Test testSiteTableStateSort</td>
<td></td>
<td>25</td>
<td>com.ert.wearables.test.tests.mobilityexchange.admin.TestSite@677b8e13</td></tr>
<tr>
<td title='com.ert.wearables.test.tests.mobilityexchange.admin.TestStudy.testStudyTableObjectSessionLink()'><b>testStudyTableObjectSessionLink</b><br>Test class: com.ert.wearables.test.tests.mobilityexchange.admin.TestStudy<br>Test method: Test testStudyTableObjectSessionLink</td>
<td></td>
<td>3</td>
<td>com.ert.wearables.test.tests.mobilityexchange.admin.TestStudy@4fe875be</td></tr>
<tr>
<td title='com.ert.wearables.test.tests.mobilityexchange.admin.TestStudy.testStudyObjectEditButtonWithConfiguringPhaseViaNameLink()'><b>testStudyObjectEditButtonWithConfiguringPhaseViaNameLink</b><br>Test class: com.ert.wearables.test.tests.mobilityexchange.admin.TestStudy<br>Test method: Test testStudyObjectEditButtonWithConfiguringPhaseViaNameLink</td>
<td></td>
<td>13</td>
<td>com.ert.wearables.test.tests.mobilityexchange.admin.TestStudy@4fe875be</td></tr>
<tr>
<td title='com.ert.wearables.test.tests.mobilityexchange.admin.TestSite.testSiteTableAddressLineOneSort()'><b>testSiteTableAddressLineOneSort</b><br>Test class: com.ert.wearables.test.tests.mobilityexchange.admin.TestSite<br>Test method: Test testSiteTableAddressLineOneSort</td>
<td></td>
<td>25</td>
<td>com.ert.wearables.test.tests.mobilityexchange.admin.TestSite@677b8e13</td></tr>
<tr>
<td title='com.ert.wearables.test.tests.mobilityexchange.admin.TestStudy.testStudyTableDescriptionSort()'><b>testStudyTableDescriptionSort</b><br>Test class: com.ert.wearables.test.tests.mobilityexchange.admin.TestStudy<br>Test method: Test testStudyTableDescriptionSort</td>
<td></td>
<td>53</td>
<td>com.ert.wearables.test.tests.mobilityexchange.admin.TestStudy@4fe875be</td></tr>
<tr>
<td title='com.ert.wearables.test.tests.mobilityexchange.admin.TestStudy.testStudyObjectEditButtonWithActivePhaseViaIdLink()'><b>testStudyObjectEditButtonWithActivePhaseViaIdLink</b><br>Test class: com.ert.wearables.test.tests.mobilityexchange.admin.TestStudy<br>Test method: Test testStudyObjectEditButtonWithActivePhaseViaIdLink</td>
<td></td>
<td>15</td>
<td>com.ert.wearables.test.tests.mobilityexchange.admin.TestStudy@4fe875be</td></tr>
<tr>
<td title='com.ert.wearables.test.tests.mobilityexchange.admin.TestSite.testSiteTablePhoneSort()'><b>testSiteTablePhoneSort</b><br>Test class: com.ert.wearables.test.tests.mobilityexchange.admin.TestSite<br>Test method: Test testSiteTablePhoneSort</td>
<td></td>
<td>25</td>
<td>com.ert.wearables.test.tests.mobilityexchange.admin.TestSite@677b8e13</td></tr>
<tr>
<td title='com.ert.wearables.test.tests.mobilityexchange.admin.TestStudy.testStudyTableGuidSort()'><b>testStudyTableGuidSort</b><br>Test class: com.ert.wearables.test.tests.mobilityexchange.admin.TestStudy<br>Test method: Test testStudyTableGuidSort</td>
<td></td>
<td>53</td>
<td>com.ert.wearables.test.tests.mobilityexchange.admin.TestStudy@4fe875be</td></tr>
<tr>
<td title='com.ert.wearables.test.tests.mobilityexchange.admin.TestStudy.testStudyTablePhaseSort()'><b>testStudyTablePhaseSort</b><br>Test class: com.ert.wearables.test.tests.mobilityexchange.admin.TestStudy<br>Test method: Test testStudyTablePhaseSort</td>
<td></td>
<td>53</td>
<td>com.ert.wearables.test.tests.mobilityexchange.admin.TestStudy@4fe875be</td></tr>
<tr>
<td title='com.ert.wearables.test.tests.mobilityexchange.admin.TestStudy.testStudyTableObjectIdLink()'><b>testStudyTableObjectIdLink</b><br>Test class: com.ert.wearables.test.tests.mobilityexchange.admin.TestStudy<br>Test method: Test testStudyTableObjectIdLink</td>
<td></td>
<td>3</td>
<td>com.ert.wearables.test.tests.mobilityexchange.admin.TestStudy@4fe875be</td></tr>
<tr>
<td title='com.ert.wearables.test.tests.mobilityexchange.admin.TestStudy.testStudyTableRolesLink()'><b>testStudyTableRolesLink</b><br>Test class: com.ert.wearables.test.tests.mobilityexchange.admin.TestStudy<br>Test method: Test testStudyTableRolesLink</td>
<td></td>
<td>5</td>
<td>com.ert.wearables.test.tests.mobilityexchange.admin.TestStudy@4fe875be</td></tr>
<tr>
<td title='com.ert.wearables.test.tests.mobilityexchange.admin.TestStudy.testStudyTableLastModifiedSort()'><b>testStudyTableLastModifiedSort</b><br>Test class: com.ert.wearables.test.tests.mobilityexchange.admin.TestStudy<br>Test method: Test testStudyTableLastModifiedSort</td>
<td></td>
<td>53</td>
<td>com.ert.wearables.test.tests.mobilityexchange.admin.TestStudy@4fe875be</td></tr>
<tr>
<td title='com.ert.wearables.test.tests.mobilityexchange.admin.TestStudy.testStudyFormDeleteObjectWithIdLink()'><b>testStudyFormDeleteObjectWithIdLink</b><br>Test class: com.ert.wearables.test.tests.mobilityexchange.admin.TestStudy<br>Test method: Test testStudyFormDeleteObjectWithIdLink</td>
<td></td>
<td>22</td>
<td>com.ert.wearables.test.tests.mobilityexchange.admin.TestStudy@4fe875be</td></tr>
<tr>
<td title='com.ert.wearables.test.tests.mobilityexchange.admin.TestStudy.testStudyTableTestDefinitionsSort()'><b>testStudyTableTestDefinitionsSort</b><br>Test class: com.ert.wearables.test.tests.mobilityexchange.admin.TestStudy<br>Test method: Test testStudyTableTestDefinitionsSort</td>
<td></td>
<td>54</td>
<td>com.ert.wearables.test.tests.mobilityexchange.admin.TestStudy@4fe875be</td></tr>
<tr>
<td title='com.ert.wearables.test.tests.mobilityexchange.admin.TestSite.testSiteTableIdSort()'><b>testSiteTableIdSort</b><br>Test class: com.ert.wearables.test.tests.mobilityexchange.admin.TestSite<br>Test method: Test testSiteTableIdSort</td>
<td></td>
<td>23</td>
<td>com.ert.wearables.test.tests.mobilityexchange.admin.TestSite@677b8e13</td></tr>
<tr>
<td title='com.ert.wearables.test.tests.mobilityexchange.admin.TestStudy.testStudyTableObjectTrialLink()'><b>testStudyTableObjectTrialLink</b><br>Test class: com.ert.wearables.test.tests.mobilityexchange.admin.TestStudy<br>Test method: Test testStudyTableObjectTrialLink</td>
<td></td>
<td>3</td>
<td>com.ert.wearables.test.tests.mobilityexchange.admin.TestStudy@4fe875be</td></tr>
<tr>
<td title='com.ert.wearables.test.tests.mobilityexchange.admin.TestStudy.testStudyTableIdSort()'><b>testStudyTableIdSort</b><br>Test class: com.ert.wearables.test.tests.mobilityexchange.admin.TestStudy<br>Test method: Test testStudyTableIdSort</td>
<td></td>
<td>50</td>
<td>com.ert.wearables.test.tests.mobilityexchange.admin.TestStudy@4fe875be</td></tr>
<tr>
<td title='com.ert.wearables.test.tests.mobilityexchange.admin.TestAdminLogin.testLoginEmptyUserPassword()'><b>testLoginEmptyUserPassword</b><br>Test class: com.ert.wearables.test.tests.mobilityexchange.admin.TestAdminLogin<br>Test method: Test login with empty password<br>Parameters: Test1, </td>
<td></td>
<td>5</td>
<td>com.ert.wearables.test.tests.mobilityexchange.admin.TestAdminLogin@47f08b81</td></tr>
<tr>
<td title='com.ert.wearables.test.tests.mobilityexchange.admin.TestStudy.testStudyTableSubjectsSort()'><b>testStudyTableSubjectsSort</b><br>Test class: com.ert.wearables.test.tests.mobilityexchange.admin.TestStudy<br>Test method: Test testStudyTableSubjectsSort</td>
<td></td>
<td>50</td>
<td>com.ert.wearables.test.tests.mobilityexchange.admin.TestStudy@4fe875be</td></tr>
<tr>
<td title='com.ert.wearables.test.tests.mobilityexchange.admin.TestSite.testSiteHistoryViaSiteTablesNameLink()'><b>testSiteHistoryViaSiteTablesNameLink</b><br>Test class: com.ert.wearables.test.tests.mobilityexchange.admin.TestSite<br>Test method: Test testSiteHistoryViaSiteTablesNameLink</td>
<td></td>
<td>8</td>
<td>com.ert.wearables.test.tests.mobilityexchange.admin.TestSite@677b8e13</td></tr>
<tr>
<td title='com.ert.wearables.test.tests.mobilityexchange.admin.TestAdminLogin.testLoginEmptyUserPassword()'><b>testLoginEmptyUserPassword</b><br>Test class: com.ert.wearables.test.tests.mobilityexchange.admin.TestAdminLogin<br>Test method: Test login with empty password<br>Parameters:  , </td>
<td></td>
<td>5</td>
<td>com.ert.wearables.test.tests.mobilityexchange.admin.TestAdminLogin@47f08b81</td></tr>
<tr>
<td title='com.ert.wearables.test.tests.mobilityexchange.admin.TestStudy.testStudyWebTableData()'><b>testStudyWebTableData</b><br>Test class: com.ert.wearables.test.tests.mobilityexchange.admin.TestStudy<br>Test method: Test validateStudyWebTableData</td>
<td></td>
<td>43</td>
<td>com.ert.wearables.test.tests.mobilityexchange.admin.TestStudy@4fe875be</td></tr>
<tr>
<td title='com.ert.wearables.test.tests.mobilityexchange.admin.TestSite.testSiteTableCreationDateSort()'><b>testSiteTableCreationDateSort</b><br>Test class: com.ert.wearables.test.tests.mobilityexchange.admin.TestSite<br>Test method: Test testSiteTableCreationDateSort</td>
<td></td>
<td>24</td>
<td>com.ert.wearables.test.tests.mobilityexchange.admin.TestSite@677b8e13</td></tr>
<tr>
<td title='com.ert.wearables.test.tests.mobilityexchange.admin.TestStudy.testStudyTableProtocolDefinitionsSort()'><b>testStudyTableProtocolDefinitionsSort</b><br>Test class: com.ert.wearables.test.tests.mobilityexchange.admin.TestStudy<br>Test method: Test testStudyTableProtocolDefinitionsSort</td>
<td></td>
<td>52</td>
<td>com.ert.wearables.test.tests.mobilityexchange.admin.TestStudy@4fe875be</td></tr>
<tr>
<td title='com.ert.wearables.test.tests.mobilityexchange.admin.TestStudy.testStudyTableObjectSubjectLink()'><b>testStudyTableObjectSubjectLink</b><br>Test class: com.ert.wearables.test.tests.mobilityexchange.admin.TestStudy<br>Test method: Test testStudyTableObjectSubjectLink</td>
<td></td>
<td>3</td>
<td>com.ert.wearables.test.tests.mobilityexchange.admin.TestStudy@4fe875be</td></tr>
<tr>
<td title='com.ert.wearables.test.tests.mobilityexchange.admin.TestStudy.testSideBarItems()'><b>testSideBarItems</b><br>Test class: com.ert.wearables.test.tests.mobilityexchange.admin.TestStudy<br>Test method: Test testSideBarItems</td>
<td></td>
<td>2</td>
<td>com.ert.wearables.test.tests.mobilityexchange.admin.TestStudy@4fe875be</td></tr>
<tr>
<td title='com.ert.wearables.test.tests.mobilityexchange.admin.TestSite.testSiteTableSubjectLink()'><b>testSiteTableSubjectLink</b><br>Test class: com.ert.wearables.test.tests.mobilityexchange.admin.TestSite<br>Test method: Test testSiteTableSubjectLink</td>
<td></td>
<td>4</td>
<td>com.ert.wearables.test.tests.mobilityexchange.admin.TestSite@677b8e13</td></tr>
<tr>
<td title='com.ert.wearables.test.tests.mobilityexchange.admin.TestSite.testSiteTableGuidSort()'><b>testSiteTableGuidSort</b><br>Test class: com.ert.wearables.test.tests.mobilityexchange.admin.TestSite<br>Test method: Test testSiteTableGuidSort</td>
<td></td>
<td>25</td>
<td>com.ert.wearables.test.tests.mobilityexchange.admin.TestSite@677b8e13</td></tr>
<tr>
<td title='com.ert.wearables.test.tests.mobilityexchange.admin.TestAdminLogin.testAccountVerification()'><b>testAccountVerification</b><br>Test class: com.ert.wearables.test.tests.mobilityexchange.admin.TestAdminLogin<br>Test method: test testAccountVerification</td>
<td></td>
<td>7</td>
<td>com.ert.wearables.test.tests.mobilityexchange.admin.TestAdminLogin@47f08b81</td></tr>
<tr>
<td title='com.ert.wearables.test.tests.mobilityexchange.admin.TestStudy.testCreateNewTestObjectWithConfiguring()'><b>testCreateNewTestObjectWithConfiguring</b><br>Test class: com.ert.wearables.test.tests.mobilityexchange.admin.TestStudy<br>Test method: Test testCreateNewTestObjectWithConfiguring</td>
<td></td>
<td>26</td>
<td>com.ert.wearables.test.tests.mobilityexchange.admin.TestStudy@4fe875be</td></tr>
<tr>
<td title='com.ert.wearables.test.tests.mobilityexchange.admin.TestSite.testSiteTableGeolocationSort()'><b>testSiteTableGeolocationSort</b><br>Test class: com.ert.wearables.test.tests.mobilityexchange.admin.TestSite<br>Test method: Test testSiteTableGeolocationSort</td>
<td></td>
<td>25</td>
<td>com.ert.wearables.test.tests.mobilityexchange.admin.TestSite@677b8e13</td></tr>
<tr>
<td title='com.ert.wearables.test.tests.mobilityexchange.admin.TestStudy.testStudyObjectEditButtonWithCancelledPhaseViaNameLink()'><b>testStudyObjectEditButtonWithCancelledPhaseViaNameLink</b><br>Test class: com.ert.wearables.test.tests.mobilityexchange.admin.TestStudy<br>Test method: Test testStudyObjectEditButtonWithCancelledPhaseViaNameLink</td>
<td></td>
<td>14</td>
<td>com.ert.wearables.test.tests.mobilityexchange.admin.TestStudy@4fe875be</td></tr>
<tr>
<td title='com.ert.wearables.test.tests.mobilityexchange.admin.TestStudy.testStudyTableDeletedSort()'><b>testStudyTableDeletedSort</b><br>Test class: com.ert.wearables.test.tests.mobilityexchange.admin.TestStudy<br>Test method: Test testStudyTableDeletedSort</td>
<td></td>
<td>52</td>
<td>com.ert.wearables.test.tests.mobilityexchange.admin.TestStudy@4fe875be</td></tr>
<tr>
<td title='com.ert.wearables.test.tests.mobilityexchange.admin.TestStudy.testStudyTableStudyPropertiesLink()'><b>testStudyTableStudyPropertiesLink</b><br>Test class: com.ert.wearables.test.tests.mobilityexchange.admin.TestStudy<br>Test method: Test testStudyTableStudyPropertiesLink</td>
<td></td>
<td>5</td>
<td>com.ert.wearables.test.tests.mobilityexchange.admin.TestStudy@4fe875be</td></tr>
<tr>
<td title='com.ert.wearables.test.tests.mobilityexchange.admin.TestSite.testSiteTableLastModifiedSort()'><b>testSiteTableLastModifiedSort</b><br>Test class: com.ert.wearables.test.tests.mobilityexchange.admin.TestSite<br>Test method: Test testSiteTableLastModifiedSort</td>
<td></td>
<td>25</td>
<td>com.ert.wearables.test.tests.mobilityexchange.admin.TestSite@677b8e13</td></tr>
</table><p>
</body>
</html>