<?xml version="1.0" encoding="UTF-8"?>
<!-- Generated by org.testng.reporters.JUnitXMLReporter -->
<testsuite hostname="USLT20160" ignored="0" name="Test" tests="102" failures="2" timestamp="2021-10-01T06:36:33 EDT" time="3025.509" errors="0">
  <testcase name="testGetTitle" time="0.06" classname="com.ert.wearables.test.tests.mobilityexchange.admin.TestAdminLogin"/>
  <testcase name="testLoginPage" time="7.101" classname="com.ert.wearables.test.tests.mobilityexchange.admin.TestAdminLogin"/>
  <testcase name="testAccountVerification" time="7.822" classname="com.ert.wearables.test.tests.mobilityexchange.admin.TestAdminLogin"/>
  <testcase name="testLoginInvalidCreds" time="5.198" classname="com.ert.wearables.test.tests.mobilityexchange.admin.TestAdminLogin"/>
  <testcase name="testLoginInvalidCreds" time="5.273" classname="com.ert.wearables.test.tests.mobilityexchange.admin.TestAdminLogin"/>
  <testcase name="testLoginInvalidCreds" time="5.154" classname="com.ert.wearables.test.tests.mobilityexchange.admin.TestAdminLogin"/>
  <testcase name="testLoginInvalidCreds" time="5.187" classname="com.ert.wearables.test.tests.mobilityexchange.admin.TestAdminLogin"/>
  <testcase name="testLoginInvalidCreds" time="5.198" classname="com.ert.wearables.test.tests.mobilityexchange.admin.TestAdminLogin"/>
  <testcase name="testLoginEmptyUserEmail" time="4.479" classname="com.ert.wearables.test.tests.mobilityexchange.admin.TestAdminLogin"/>
  <testcase name="testLoginEmptyUserEmail" time="4.348" classname="com.ert.wearables.test.tests.mobilityexchange.admin.TestAdminLogin"/>
  <testcase name="testLoginEmptyUserPassword" time="5.072" classname="com.ert.wearables.test.tests.mobilityexchange.admin.TestAdminLogin"/>
  <testcase name="testLoginEmptyUserPassword" time="5.088" classname="com.ert.wearables.test.tests.mobilityexchange.admin.TestAdminLogin"/>
  <testcase name="testLogout" time="11.009" classname="com.ert.wearables.test.tests.mobilityexchange.admin.TestAdminLogin"/>
  <testcase name="testFullCompactViewsOnStudy" time="8.389" classname="com.ert.wearables.test.tests.mobilityexchange.admin.TestStudy"/>
  <testcase name="testCreateNewTestObjectNotSet" time="27.314" classname="com.ert.wearables.test.tests.mobilityexchange.admin.TestStudy"/>
  <testcase name="testCreateNewTestObjectWithConfiguring" time="29.611" classname="com.ert.wearables.test.tests.mobilityexchange.admin.TestStudy"/>
  <testcase name="testCreateNewTestObjectWithConfigured" time="29.453" classname="com.ert.wearables.test.tests.mobilityexchange.admin.TestStudy"/>
  <testcase name="testStudyWebTableData" time="41.292" classname="com.ert.wearables.test.tests.mobilityexchange.admin.TestStudy"/>
  <testcase name="testStudyObjectHistoryViaStudiesTableIdLink" time="10.109" classname="com.ert.wearables.test.tests.mobilityexchange.admin.TestStudy"/>
  <testcase name="testStudyObjectHistoryViaStudiesTableNameLink" time="14.395" classname="com.ert.wearables.test.tests.mobilityexchange.admin.TestStudy"/>
  <testcase name="testStudyObjectHistoryViaStudiesTablesIdLinkWhenEditingObject" time="15.096" classname="com.ert.wearables.test.tests.mobilityexchange.admin.TestStudy"/>
  <testcase name="testStudyObjectHistoryViaStudiesTablesNameLinkWhenEditingObject" time="15.36" classname="com.ert.wearables.test.tests.mobilityexchange.admin.TestStudy"/>
  <testcase name="testStudyFormDeleteObjectWithIdLink" time="27.371" classname="com.ert.wearables.test.tests.mobilityexchange.admin.TestStudy"/>
  <testcase name="testStudyFormDeleteObjectWithNameLink" time="27.438" classname="com.ert.wearables.test.tests.mobilityexchange.admin.TestStudy"/>
  <testcase name="testStudyObjectEditButtonWithNotSetPhaseViaIdLink" time="13.023" classname="com.ert.wearables.test.tests.mobilityexchange.admin.TestStudy"/>
  <testcase name="testStudyObjectEditButtonWithConfiguringPhaseViaIdLink" time="14.19" classname="com.ert.wearables.test.tests.mobilityexchange.admin.TestStudy"/>
  <testcase name="testStudyObjectEditButtonWithConfiguredPhaseViaIdLink" time="14.138" classname="com.ert.wearables.test.tests.mobilityexchange.admin.TestStudy"/>
  <testcase name="testStudyObjectEditButtonWithActivePhaseViaIdLink" time="14.372" classname="com.ert.wearables.test.tests.mobilityexchange.admin.TestStudy"/>
  <testcase name="testStudyObjectEditButtonWithFinishedPhaseViaIdLink" time="14.786" classname="com.ert.wearables.test.tests.mobilityexchange.admin.TestStudy"/>
  <testcase name="testStudyObjectEditButtonWithLockedPhaseViaIdLink" time="34.936" classname="com.ert.wearables.test.tests.mobilityexchange.admin.TestStudy">
    <failure type="org.openqa.selenium.TimeoutException" message="Expected condition failed: waiting for presence of element located by: By.cssSelector: div:nth-child(2) &amp;gt; div:nth-child(2) (tried for 20 second(s) with 500 milliseconds interval)">
      <![CDATA[org.openqa.selenium.TimeoutException: Expected condition failed: waiting for presence of element located by: By.cssSelector: div:nth-child(2) > div:nth-child(2) (tried for 20 second(s) with 500 milliseconds interval)
at org.openqa.selenium.support.ui.WebDriverWait.timeoutException(WebDriverWait.java:95)
at org.openqa.selenium.support.ui.FluentWait.until(FluentWait.java:272)
at com.ert.wearables.test.core.utilities.ElementUtils.waitForElementPresent(ElementUtils.java:60)
at com.ert.wearables.test.core.pages.mobilityexchange.admin.Study.getEditedObjectName(Study.java:646)
at com.ert.wearables.test.tests.mobilityexchange.admin.TestStudy.testStudyObjectEditButtonWithLockedPhaseViaIdLink(TestStudy.java:708)
at java.util.ArrayList.forEach(ArrayList.java:1257)
Caused by: org.openqa.selenium.NoSuchElementException: no such element: Unable to locate element: {"method":"css selector","selector":"div:nth-child(2) > div:nth-child(2)"}
  (Session info: chrome=94.0.4606.61)
For documentation on this error, please visit: https://www.seleniumhq.org/exceptions/no_such_element.html
Build info: version: '3.141.59', revision: 'e82be7d358', time: '2018-11-14T08:17:03'
System info: host: 'USLT20160', ip: '192.168.125.1', os.name: 'Windows 10', os.arch: 'amd64', os.version: '10.0', java.version: '1.8.0_202'
Driver info: org.openqa.selenium.chrome.ChromeDriver
Capabilities {acceptInsecureCerts: false, browserName: chrome, browserVersion: 94.0.4606.61, chrome: {chromedriverVersion: 94.0.4606.61 (418b78f5838ed..., userDataDir: C:\Users\YAVUZ~1.OZT\AppDat...}, goog:chromeOptions: {debuggerAddress: localhost:59992}, javascriptEnabled: true, networkConnectionEnabled: false, pageLoadStrategy: normal, platform: WINDOWS, platformName: WINDOWS, proxy: Proxy(), setWindowRect: true, strictFileInteractability: false, timeouts: {implicit: 0, pageLoad: 300000, script: 30000}, unhandledPromptBehavior: dismiss and notify, webauthn:extension:credBlob: true, webauthn:extension:largeBlob: true, webauthn:virtualAuthenticators: true}
Session ID: 75d6eb2a472cbbfdc0e2e80164e08c27
*** Element info: {Using=css selector, value=div:nth-child(2) > div:nth-child(2)}
at org.openqa.selenium.remote.http.W3CHttpResponseCodec.createException(W3CHttpResponseCodec.java:187)
at org.openqa.selenium.remote.http.W3CHttpResponseCodec.decode(W3CHttpResponseCodec.java:122)
at org.openqa.selenium.remote.http.W3CHttpResponseCodec.decode(W3CHttpResponseCodec.java:49)
at org.openqa.selenium.remote.HttpCommandExecutor.execute(HttpCommandExecutor.java:158)
at org.openqa.selenium.remote.service.DriverCommandExecutor.execute(DriverCommandExecutor.java:83)
at org.openqa.selenium.remote.RemoteWebDriver.execute(RemoteWebDriver.java:552)
at org.openqa.selenium.remote.RemoteWebDriver.findElement(RemoteWebDriver.java:323)
at org.openqa.selenium.remote.RemoteWebDriver.findElementByCssSelector(RemoteWebDriver.java:420)
at org.openqa.selenium.By$ByCssSelector.findElement(By.java:431)
at org.openqa.selenium.remote.RemoteWebDriver.findElement(RemoteWebDriver.java:315)
at org.openqa.selenium.support.ui.ExpectedConditions$6.apply(ExpectedConditions.java:182)
at org.openqa.selenium.support.ui.ExpectedConditions$6.apply(ExpectedConditions.java:179)
at org.openqa.selenium.support.ui.FluentWait.until(FluentWait.java:249)
... 31 more
... Removed 30 stack frames]]>
    </failure>
  </testcase> <!-- testStudyObjectEditButtonWithLockedPhaseViaIdLink -->
  <testcase name="testStudyObjectEditButtonWithCancelledPhaseViaIdLink" time="14.784" classname="com.ert.wearables.test.tests.mobilityexchange.admin.TestStudy"/>
  <testcase name="testStudyObjectEditButtonWithNotSetPhaseViaNameLink" time="13.958" classname="com.ert.wearables.test.tests.mobilityexchange.admin.TestStudy"/>
  <testcase name="testStudyObjectEditButtonWithConfiguringPhaseViaNameLink" time="13.304" classname="com.ert.wearables.test.tests.mobilityexchange.admin.TestStudy"/>
  <testcase name="testStudyObjectEditButtonWithConfiguredPhaseViaNameLink" time="14.444" classname="com.ert.wearables.test.tests.mobilityexchange.admin.TestStudy"/>
  <testcase name="testStudyObjectEditButtonWithActivePhaseViaNameLink" time="15.522" classname="com.ert.wearables.test.tests.mobilityexchange.admin.TestStudy"/>
  <testcase name="testStudyObjectEditButtonWithFinishedPhaseViaNameLink" time="15.779" classname="com.ert.wearables.test.tests.mobilityexchange.admin.TestStudy"/>
  <testcase name="testStudyObjectEditButtonWithLockedPhaseViaNameLink" time="34.699" classname="com.ert.wearables.test.tests.mobilityexchange.admin.TestStudy">
    <failure type="org.openqa.selenium.TimeoutException" message="Expected condition failed: waiting for presence of element located by: By.cssSelector: div:nth-child(2) &amp;gt; div:nth-child(2) (tried for 20 second(s) with 500 milliseconds interval)">
      <![CDATA[org.openqa.selenium.TimeoutException: Expected condition failed: waiting for presence of element located by: By.cssSelector: div:nth-child(2) > div:nth-child(2) (tried for 20 second(s) with 500 milliseconds interval)
at org.openqa.selenium.support.ui.WebDriverWait.timeoutException(WebDriverWait.java:95)
at org.openqa.selenium.support.ui.FluentWait.until(FluentWait.java:272)
at com.ert.wearables.test.core.utilities.ElementUtils.waitForElementPresent(ElementUtils.java:60)
at com.ert.wearables.test.core.pages.mobilityexchange.admin.Study.getEditedObjectName(Study.java:646)
at com.ert.wearables.test.tests.mobilityexchange.admin.TestStudy.testStudyObjectEditButtonWithLockedPhaseViaNameLink(TestStudy.java:920)
at java.util.ArrayList.forEach(ArrayList.java:1257)
Caused by: org.openqa.selenium.NoSuchElementException: no such element: Unable to locate element: {"method":"css selector","selector":"div:nth-child(2) > div:nth-child(2)"}
  (Session info: chrome=94.0.4606.61)
For documentation on this error, please visit: https://www.seleniumhq.org/exceptions/no_such_element.html
Build info: version: '3.141.59', revision: 'e82be7d358', time: '2018-11-14T08:17:03'
System info: host: 'USLT20160', ip: '192.168.125.1', os.name: 'Windows 10', os.arch: 'amd64', os.version: '10.0', java.version: '1.8.0_202'
Driver info: org.openqa.selenium.chrome.ChromeDriver
Capabilities {acceptInsecureCerts: false, browserName: chrome, browserVersion: 94.0.4606.61, chrome: {chromedriverVersion: 94.0.4606.61 (418b78f5838ed..., userDataDir: C:\Users\YAVUZ~1.OZT\AppDat...}, goog:chromeOptions: {debuggerAddress: localhost:61214}, javascriptEnabled: true, networkConnectionEnabled: false, pageLoadStrategy: normal, platform: WINDOWS, platformName: WINDOWS, proxy: Proxy(), setWindowRect: true, strictFileInteractability: false, timeouts: {implicit: 0, pageLoad: 300000, script: 30000}, unhandledPromptBehavior: dismiss and notify, webauthn:extension:credBlob: true, webauthn:extension:largeBlob: true, webauthn:virtualAuthenticators: true}
Session ID: f1d05755bfd01162a0d17e6bda6e3db4
*** Element info: {Using=css selector, value=div:nth-child(2) > div:nth-child(2)}
at org.openqa.selenium.remote.http.W3CHttpResponseCodec.createException(W3CHttpResponseCodec.java:187)
at org.openqa.selenium.remote.http.W3CHttpResponseCodec.decode(W3CHttpResponseCodec.java:122)
at org.openqa.selenium.remote.http.W3CHttpResponseCodec.decode(W3CHttpResponseCodec.java:49)
at org.openqa.selenium.remote.HttpCommandExecutor.execute(HttpCommandExecutor.java:158)
at org.openqa.selenium.remote.service.DriverCommandExecutor.execute(DriverCommandExecutor.java:83)
at org.openqa.selenium.remote.RemoteWebDriver.execute(RemoteWebDriver.java:552)
at org.openqa.selenium.remote.RemoteWebDriver.findElement(RemoteWebDriver.java:323)
at org.openqa.selenium.remote.RemoteWebDriver.findElementByCssSelector(RemoteWebDriver.java:420)
at org.openqa.selenium.By$ByCssSelector.findElement(By.java:431)
at org.openqa.selenium.remote.RemoteWebDriver.findElement(RemoteWebDriver.java:315)
at org.openqa.selenium.support.ui.ExpectedConditions$6.apply(ExpectedConditions.java:182)
at org.openqa.selenium.support.ui.ExpectedConditions$6.apply(ExpectedConditions.java:179)
at org.openqa.selenium.support.ui.FluentWait.until(FluentWait.java:249)
... 31 more
... Removed 30 stack frames]]>
    </failure>
  </testcase> <!-- testStudyObjectEditButtonWithLockedPhaseViaNameLink -->
  <testcase name="testStudyObjectEditButtonWithCancelledPhaseViaNameLink" time="15.654" classname="com.ert.wearables.test.tests.mobilityexchange.admin.TestStudy"/>
  <testcase name="testStudyTableObjectIdLink" time="6.164" classname="com.ert.wearables.test.tests.mobilityexchange.admin.TestStudy"/>
  <testcase name="testStudyTableObjectNameLink" time="4.549" classname="com.ert.wearables.test.tests.mobilityexchange.admin.TestStudy"/>
  <testcase name="testStudyTableObjectSubjectLink" time="3.719" classname="com.ert.wearables.test.tests.mobilityexchange.admin.TestStudy"/>
  <testcase name="testStudyTableObjectSessionLink" time="3.83" classname="com.ert.wearables.test.tests.mobilityexchange.admin.TestStudy"/>
  <testcase name="testStudyTableObjectTrialLink" time="3.684" classname="com.ert.wearables.test.tests.mobilityexchange.admin.TestStudy"/>
  <testcase name="testStudyTableObjectTestDefinitionsLink" time="5.522" classname="com.ert.wearables.test.tests.mobilityexchange.admin.TestStudy"/>
  <testcase name="testStudyTableStudyPropertiesLink" time="5.552" classname="com.ert.wearables.test.tests.mobilityexchange.admin.TestStudy"/>
  <testcase name="testStudyTableDeviceAllocationConfigurationsLink" time="5.761" classname="com.ert.wearables.test.tests.mobilityexchange.admin.TestStudy"/>
  <testcase name="testStudyTableProtocolDefinitionsLink" time="5.531" classname="com.ert.wearables.test.tests.mobilityexchange.admin.TestStudy"/>
  <testcase name="testStudyTableRolesLink" time="5.405" classname="com.ert.wearables.test.tests.mobilityexchange.admin.TestStudy"/>
  <testcase name="testStudyTableMembersLink" time="5.624" classname="com.ert.wearables.test.tests.mobilityexchange.admin.TestStudy"/>
  <testcase name="testStudyTableDeviceAllocationGroupsLink" time="5.49" classname="com.ert.wearables.test.tests.mobilityexchange.admin.TestStudy"/>
  <testcase name="testStudyTableIdSort" time="51.03" classname="com.ert.wearables.test.tests.mobilityexchange.admin.TestStudy"/>
  <testcase name="testStudyTableNameSort" time="51.273" classname="com.ert.wearables.test.tests.mobilityexchange.admin.TestStudy"/>
  <testcase name="testStudyTableSubjectsSort" time="51.276" classname="com.ert.wearables.test.tests.mobilityexchange.admin.TestStudy"/>
  <testcase name="testStudyTableSessionsSort" time="50.642" classname="com.ert.wearables.test.tests.mobilityexchange.admin.TestStudy"/>
  <testcase name="testStudyTableTestDefinitionsSort" time="53.129" classname="com.ert.wearables.test.tests.mobilityexchange.admin.TestStudy"/>
  <testcase name="testStudyTableTrialsSort" time="53.334" classname="com.ert.wearables.test.tests.mobilityexchange.admin.TestStudy"/>
  <testcase name="testStudyTablePropertiesSort" time="53.358" classname="com.ert.wearables.test.tests.mobilityexchange.admin.TestStudy"/>
  <testcase name="testStudyTableDeviceAllocationConfigurationsSort" time="53.6" classname="com.ert.wearables.test.tests.mobilityexchange.admin.TestStudy"/>
  <testcase name="testStudyTableProtocolDefinitionsSort" time="53.504" classname="com.ert.wearables.test.tests.mobilityexchange.admin.TestStudy"/>
  <testcase name="testStudyTableRolesSort" time="53.359" classname="com.ert.wearables.test.tests.mobilityexchange.admin.TestStudy"/>
  <testcase name="testStudyTableMembersSort" time="53.464" classname="com.ert.wearables.test.tests.mobilityexchange.admin.TestStudy"/>
  <testcase name="testStudyTableDeviceAllocationGroupsSort" time="53.965" classname="com.ert.wearables.test.tests.mobilityexchange.admin.TestStudy"/>
  <testcase name="testStudyTableDescriptionSort" time="53.784" classname="com.ert.wearables.test.tests.mobilityexchange.admin.TestStudy"/>
  <testcase name="testStudyTableGuidSort" time="52.949" classname="com.ert.wearables.test.tests.mobilityexchange.admin.TestStudy"/>
  <testcase name="testStudyTablePhaseSort" time="54.118" classname="com.ert.wearables.test.tests.mobilityexchange.admin.TestStudy"/>
  <testcase name="testStudyTableStartDateSort" time="53.133" classname="com.ert.wearables.test.tests.mobilityexchange.admin.TestStudy"/>
  <testcase name="testStudyTableUsesSitesSort" time="53.642" classname="com.ert.wearables.test.tests.mobilityexchange.admin.TestStudy"/>
  <testcase name="testStudyTableAllowDeviceAllocationConfigurationsSort" time="53.19" classname="com.ert.wearables.test.tests.mobilityexchange.admin.TestStudy"/>
  <testcase name="testStudyTableCreationDateSort" time="52.833" classname="com.ert.wearables.test.tests.mobilityexchange.admin.TestStudy"/>
  <testcase name="testStudyTableDeletedSort" time="53.737" classname="com.ert.wearables.test.tests.mobilityexchange.admin.TestStudy"/>
  <testcase name="testStudyTableLastModifiedSort" time="54.051" classname="com.ert.wearables.test.tests.mobilityexchange.admin.TestStudy"/>
  <testcase name="testFullCompactViewsOnSite" time="8.703" classname="com.ert.wearables.test.tests.mobilityexchange.admin.TestSite"/>
  <testcase name="testCreateNewSite" time="24.558" classname="com.ert.wearables.test.tests.mobilityexchange.admin.TestSite"/>
  <testcase name="testSiteWebTableData" time="42.932" classname="com.ert.wearables.test.tests.mobilityexchange.admin.TestSite"/>
  <testcase name="testSiteHistoryViaSiteTableIdLink" time="11.531" classname="com.ert.wearables.test.tests.mobilityexchange.admin.TestSite"/>
  <testcase name="testSiteHistoryViaSiteTablesNameLink" time="14.782" classname="com.ert.wearables.test.tests.mobilityexchange.admin.TestSite"/>
  <testcase name="testSiteHistoryViaSiteTablesIdLinkWhenEditingSite" time="16.148" classname="com.ert.wearables.test.tests.mobilityexchange.admin.TestSite"/>
  <testcase name="testSiteHistoryViaSiteTablesNameLinkWhenEditingSite" time="15.385" classname="com.ert.wearables.test.tests.mobilityexchange.admin.TestSite"/>
  <testcase name="testSiteFormDeleteObjectWithIdLink" time="20.791" classname="com.ert.wearables.test.tests.mobilityexchange.admin.TestSite"/>
  <testcase name="testSiteFormDeleteSiteWithNameLink" time="20.666" classname="com.ert.wearables.test.tests.mobilityexchange.admin.TestSite"/>
  <testcase name="testSiteEditButtonViaIdLink" time="18.62" classname="com.ert.wearables.test.tests.mobilityexchange.admin.TestSite"/>
  <testcase name="testSiteEditButtonViaNameLink" time="18.502" classname="com.ert.wearables.test.tests.mobilityexchange.admin.TestSite"/>
  <testcase name="testSiteTableSiteIdLink" time="8.94" classname="com.ert.wearables.test.tests.mobilityexchange.admin.TestSite"/>
  <testcase name="testSiteTableSiteNameLink" time="6.836" classname="com.ert.wearables.test.tests.mobilityexchange.admin.TestSite"/>
  <testcase name="testSiteTableSubjectLink" time="6.113" classname="com.ert.wearables.test.tests.mobilityexchange.admin.TestSite"/>
  <testcase name="testSiteTableIdSort" time="25.146" classname="com.ert.wearables.test.tests.mobilityexchange.admin.TestSite"/>
  <testcase name="testSiteTableNameSort" time="25.16" classname="com.ert.wearables.test.tests.mobilityexchange.admin.TestSite"/>
  <testcase name="testSiteTableSubjectsSort" time="25.079" classname="com.ert.wearables.test.tests.mobilityexchange.admin.TestSite"/>
  <testcase name="testSiteTableContactUserSort" time="27.051" classname="com.ert.wearables.test.tests.mobilityexchange.admin.TestSite"/>
  <testcase name="testSiteTableAddressLineOneSort" time="26.539" classname="com.ert.wearables.test.tests.mobilityexchange.admin.TestSite"/>
  <testcase name="testSiteTableAddressLineTwoSort" time="26.727" classname="com.ert.wearables.test.tests.mobilityexchange.admin.TestSite"/>
  <testcase name="testSiteTableCitySort" time="26.824" classname="com.ert.wearables.test.tests.mobilityexchange.admin.TestSite"/>
  <testcase name="testSiteTableStateSort" time="26.987" classname="com.ert.wearables.test.tests.mobilityexchange.admin.TestSite"/>
  <testcase name="testSiteTableGuidSort" time="26.949" classname="com.ert.wearables.test.tests.mobilityexchange.admin.TestSite"/>
  <testcase name="testSiteTableCountrySort" time="26.607" classname="com.ert.wearables.test.tests.mobilityexchange.admin.TestSite"/>
  <testcase name="testSiteTablePhoneSort" time="27.131" classname="com.ert.wearables.test.tests.mobilityexchange.admin.TestSite"/>
  <testcase name="testSiteTableZipSort" time="26.586" classname="com.ert.wearables.test.tests.mobilityexchange.admin.TestSite"/>
  <testcase name="testSiteTableCreationDateSort" time="26.961" classname="com.ert.wearables.test.tests.mobilityexchange.admin.TestSite"/>
  <testcase name="testSiteTableGeolocationSort" time="26.715" classname="com.ert.wearables.test.tests.mobilityexchange.admin.TestSite"/>
  <testcase name="testSiteTableNotesSort" time="27.195" classname="com.ert.wearables.test.tests.mobilityexchange.admin.TestSite"/>
  <testcase name="testSiteTableDeletedSort" time="26.816" classname="com.ert.wearables.test.tests.mobilityexchange.admin.TestSite"/>
  <testcase name="testSiteTableLastModifiedSort" time="26.963" classname="com.ert.wearables.test.tests.mobilityexchange.admin.TestSite"/>
</testsuite> <!-- Test -->
